    Finished `test` profile [optimized + debuginfo] target(s) in 2.39s
     Running unittests src\lib.rs (target\debug\deps\micropdf-013369e4702aedbe.exe)

running 2275 tests
test enhanced::attachments::tests::test_add_attachment_nonexistent_pdf ... ok
test enhanced::attachments::tests::test_attachment_new ... ok
test enhanced::attachments::tests::test_attachment_size ... ok
test enhanced::attachments::tests::test_attachment_with_description ... ok
test enhanced::attachments::tests::test_attachment_with_mime_type ... ok
test enhanced::attachments::tests::test_extract_attachment_nonexistent_pdf ... ok
test enhanced::attachments::tests::test_guess_mime_type ... ok
test enhanced::attachments::tests::test_add_attachment_empty_data ... ok
test enhanced::attachments::tests::test_list_attachments_nonexistent_pdf ... ok
test enhanced::attachments::tests::test_add_attachment_empty_filename ... ok
test enhanced::attachments::tests::test_add_attachment_path_separator ... ok
test enhanced::attachments::tests::test_remove_attachment_nonexistent_pdf ... ok
test enhanced::attachments::tests::test_extract_attachment_not_found ... ok
test enhanced::barcodes::tests::test_barcode_config ... ok
test enhanced::barcodes::tests::test_ean13_validation ... ok
test enhanced::barcodes::tests::test_qr_error_correction ... ok
test enhanced::barcodes::tests::test_upca_validation ... ok
test enhanced::booklet::tests::test_binding_method_properties ... ok
test enhanced::attachments::tests::test_add_attachment_valid ... ok
test enhanced::booklet::tests::test_booklet_options_builder ... ok
test enhanced::booklet::tests::test_creep_distribution ... ok
test enhanced::booklet::tests::test_page_dimensions ... ok
test enhanced::booklet::tests::test_recommend_binding ... ok
test enhanced::attachments::tests::test_list_attachments_empty ... ok
test enhanced::booklet::tests::test_saddle_stitch_imposition_8_pages ... ok
test enhanced::booklet::tests::test_saddle_stitch_with_blanks ... ok
test enhanced::booklet::tests::test_signature_all_pages ... ok
test enhanced::bookmarks::tests::test_add_bookmark_nonexistent_pdf ... ok
test enhanced::bookmarks::tests::test_bookmark_add_child ... ok
test enhanced::bookmarks::tests::test_bookmark_count_all ... ok
test enhanced::bookmarks::tests::test_bookmark_find_by_title ... ok
test enhanced::bookmarks::tests::test_bookmark_new ... ok
test enhanced::bookmarks::tests::test_bookmark_validate_empty_title ... ok
test enhanced::bookmarks::tests::test_bookmark_validate_page_out_of_range ... ok
test enhanced::bookmarks::tests::test_bookmark_validate_title_too_long ... ok
test enhanced::bookmarks::tests::test_bookmark_validate_valid ... ok
test enhanced::bookmarks::tests::test_bookmark_validate_with_children ... ok
test enhanced::bookmarks::tests::test_create_hierarchy_flat ... ok
test enhanced::bookmarks::tests::test_create_hierarchy_nested ... ok
test enhanced::bookmarks::tests::test_get_bookmarks_nonexistent_pdf ... ok
test enhanced::bookmarks::tests::test_remove_bookmark_nonexistent_pdf ... ok
test enhanced::charts::tests::test_chart_creation ... ok
test enhanced::charts::tests::test_bar_chart ... ok
test enhanced::bookmarks::tests::test_add_bookmark_valid ... ok
test enhanced::charts::tests::test_data_series ... ok
test enhanced::charts::tests::test_line_chart ... ok
test enhanced::charts::tests::test_pie_chart ... ok
test enhanced::compliance::tests::test_check_invalid_elements ... ok
test enhanced::compliance::tests::test_compliance_validation ... ok
test enhanced::bookmarks::tests::test_get_bookmarks_empty ... ok
test enhanced::compliance::tests::test_pdfa_standards ... ok
test enhanced::compliance::tests::test_pdfua_standards ... ok
test enhanced::bookmarks::tests::test_remove_bookmark_empty_title ... ok
test enhanced::compliance::tests::test_remove_javascript ... ok
test enhanced::compliance::tests::test_xmp_metadata_generation ... ok
test enhanced::compliance_auto_fix::tests::test_add_basic_metadata ... ok
test enhanced::compliance_auto_fix::tests::test_auto_fix_options_default ... ok
test enhanced::content::tests::test_watermark_escape_text ... ok
test enhanced::content::tests::test_watermark_generate_content_stream ... ok
test enhanced::content::tests::test_watermark_new ... ok
test enhanced::content::tests::test_watermark_opacity_clamp ... ok
test enhanced::content::tests::test_watermark_with_font_size ... ok
test enhanced::content::tests::test_watermark_with_opacity ... ok
test enhanced::content::tests::test_watermark_with_position ... ok
test enhanced::content::tests::test_watermark_apply_nonexistent ... ok
test enhanced::content::tests::test_watermark_with_rotation ... ok
test enhanced::drawing::tests::test_color_clamping ... ok
test enhanced::drawing::tests::test_color_constants ... ok
test enhanced::drawing::tests::test_color_from_hex ... ok
test enhanced::drawing::tests::test_color_from_hex_with_alpha ... ok
test enhanced::drawing::tests::test_color_from_u8 ... ok
test enhanced::drawing::tests::test_color_new ... ok
test enhanced::content::tests::test_add_image_nonexistent_image ... ok
test enhanced::drawing::tests::test_color_transparency ... ok
test enhanced::drawing::tests::test_create_circle_path ... ok
test enhanced::drawing::tests::test_create_ellipse_path ... ok
test enhanced::drawing::tests::test_create_rounded_rect_path ... ok
test enhanced::content::tests::test_add_text_empty ... ok
test enhanced::drawing::tests::test_draw_polygon_empty ... ok
test enhanced::drawing::tests::test_drawing_context_new ... ok
test enhanced::drawing::tests::test_drawing_context_reset_transform ... ok
test enhanced::drawing::tests::test_drawing_context_set_colors ... ok
test enhanced::drawing::tests::test_drawing_context_set_opacity ... ok
test enhanced::drawing::tests::test_drawing_context_transform ... ok
test enhanced::content::tests::test_add_image_invalid_dimensions ... ok
test enhanced::drawing::tests::test_line_style_builder ... ok
test enhanced::drawing::tests::test_line_style_dashed ... ok
test enhanced::drawing::tests::test_line_style_dotted ... ok
test enhanced::content::tests::test_watermark_apply_empty_text ... ok
test enhanced::drawing::tests::test_line_style_solid ... ok
test enhanced::drawing::tests::test_pdf_drawing_new ... ok
test enhanced::content::tests::test_watermark_apply_valid ... ok
test enhanced::content::tests::test_watermark_apply_invalid_font_size ... ok
test enhanced::encryption::tests::test_bytes_to_hex ... ok
test enhanced::encryption::tests::test_encryption_algorithm ... ok
test enhanced::encryption::tests::test_encryption_info_unencrypted ... ok
test enhanced::encryption::tests::test_encryption_options_builder ... ok
test enhanced::encryption::tests::test_encryption_options_validation ... ok
test enhanced::content::tests::test_watermark_apply_to_pages ... ok
test enhanced::encryption::tests::test_generate_document_id ... ok
test enhanced::content::tests::test_add_text_valid ... ok
test enhanced::encryption::tests::test_pad_password ... ok
test enhanced::encryption::tests::test_permissions_allow_all ... ok
test enhanced::encryption::tests::test_permissions_builder ... ok
test enhanced::encryption::tests::test_permissions_default ... ok
test enhanced::encryption::tests::test_permissions_flags_roundtrip ... ok
test enhanced::encryption::tests::test_rc4_encrypt_decrypt ... ok
test enhanced::error::tests::test_error_display ... ok
test enhanced::error::tests::test_fitz_error_conversion ... ok
test enhanced::error::tests::test_io_error_conversion ... ok
test enhanced::flowables::tests::test_cond_page_break_with_space ... ok
test enhanced::flowables::tests::test_cond_page_break_without_space ... ok
test enhanced::flowables::tests::test_horizontal_rule ... ok
test enhanced::flowables::tests::test_image ... ok
test enhanced::flowables::tests::test_keep_together ... ok
test enhanced::flowables::tests::test_keep_with_next ... ok
test enhanced::flowables::tests::test_list_item ... ok
test enhanced::flowables::tests::test_page_break ... ok
test enhanced::flowables::tests::test_paragraph_creation ... ok
test enhanced::flowables::tests::test_paragraph_with_style ... ok
test enhanced::flowables::tests::test_spacer ... ok
test enhanced::flowables::tests::test_story ... ok
test enhanced::forms_advanced::tests::test_form_field_creation ... ok
test enhanced::forms_advanced::tests::test_xfa_data_binding ... ok
test enhanced::html_to_pdf::tests::test_css_color_parse ... ok
test enhanced::html_to_pdf::tests::test_css_length_parse ... ok
test enhanced::html_to_pdf::tests::test_css_length_to_points ... ok
test enhanced::html_to_pdf::tests::test_css_stylesheet_parse ... ok
test enhanced::html_to_pdf::tests::test_decode_html_entities ... ok
test enhanced::html_to_pdf::tests::test_font_weight_parse ... ok
test enhanced::html_to_pdf::tests::test_html_element ... ok
test enhanced::html_to_pdf::tests::test_html_parser ... ok
test enhanced::html_to_pdf::tests::test_html_to_pdf_options ... ok
test enhanced::html_to_pdf::tests::test_layout_engine ... ok
test enhanced::html_to_pdf::tests::test_options_builder ... ok
test enhanced::html_to_pdf::tests::test_page_sizes ... ok
test enhanced::html_to_pdf::tests::test_selector_specificity ... ok
test enhanced::interactive::tests::test_annotation_creation ... ok
test enhanced::interactive::tests::test_javascript_action ... ok
test enhanced::interactive::tests::test_multimedia_config ... ok
test enhanced::interactive::tests::test_page_transition ... ok
test enhanced::metadata::tests::test_metadata_add_custom ... ok
test enhanced::metadata::tests::test_metadata_builder ... ok
test enhanced::metadata::tests::test_metadata_new ... ok
test enhanced::metadata::tests::test_metadata_with_author ... ok
test enhanced::metadata::tests::test_metadata_with_title ... ok
test enhanced::metadata::tests::test_read_metadata_nonexistent ... ok
test enhanced::metadata::tests::test_update_metadata_nonexistent ... ok
test enhanced::metadata::tests::test_read_metadata_empty_file ... ok
test enhanced::nup::tests::test_cell_dimensions ... ok
test enhanced::nup::tests::test_cell_position ... ok
test enhanced::nup::tests::test_grid_cell_bounds ... ok
test enhanced::nup::tests::test_grid_cell_transform ... ok
test enhanced::metadata::tests::test_update_xmp_invalid_xml ... ok
test enhanced::metadata::tests::test_read_xmp_metadata ... ok
test enhanced::nup::tests::test_nup_generator_creation ... ok
test enhanced::nup::tests::test_nup_layout_from_grid ... ok
test enhanced::nup::tests::test_nup_layout_grid ... ok
test enhanced::nup::tests::test_nup_layout_pages_per_sheet ... ok
test enhanced::nup::tests::test_nup_options_builder ... ok
test enhanced::nup::tests::test_page_order_ltr_ttb ... ok
test enhanced::metadata::tests::test_update_metadata_title_too_long ... ok
test enhanced::nup::tests::test_page_order_rtl_ttb ... ok
test enhanced::nup::tests::test_page_order_ttb_ltr ... ok
test enhanced::optimization::tests::test_compress_nonexistent ... ok
test enhanced::optimization::tests::test_flatten_nonexistent ... ok
test enhanced::optimization::tests::test_linearize_nonexistent ... ok
test enhanced::optimization::tests::test_remove_duplicates_nonexistent ... ok
test enhanced::metadata::tests::test_update_xmp_valid ... ok
test enhanced::optimization::tests::test_remove_unused_nonexistent ... ok
test enhanced::page_boxes::tests::test_box_type_properties ... ok
test enhanced::page_boxes::tests::test_page_boxes ... ok
test enhanced::page_boxes::tests::test_page_boxes_validation ... ok
test enhanced::page_boxes::tests::test_page_size_dimensions ... ok
test enhanced::page_boxes::tests::test_page_size_from_str ... ok
test enhanced::page_boxes::tests::test_rectangle_contains ... ok
test enhanced::page_boxes::tests::test_rectangle_intersect ... ok
test enhanced::page_boxes::tests::test_rectangle_operations ... ok
test enhanced::page_boxes::tests::test_rectangle_pdf_array ... ok
test enhanced::page_boxes::tests::test_unit_conversion ... ok
test enhanced::optimization::tests::test_linearize_valid ... ok
test enhanced::optimization::tests::test_compress_valid_pdf ... ok
test enhanced::page_copy::tests::test_extract_media_box ... ok
test enhanced::page_copy::tests::test_remap_references ... ok
test enhanced::optimization::tests::test_optimize_images_valid ... ok
test enhanced::optimization::tests::test_remove_duplicates_valid ... ok
test enhanced::optimization::tests::test_flatten_valid ... ok
test enhanced::page_merge::tests::test_find_all_object_positions ... ok
test enhanced::optimization::tests::test_remove_unused_valid ... ok
test enhanced::optimization::tests::test_compress_not_pdf ... ok
test enhanced::page_merge::tests::test_find_pattern ... ok
test enhanced::page_merge::tests::test_merge_empty ... ok
test enhanced::optimization::tests::test_optimize_images_invalid_quality ... ok
test enhanced::page_ops::tests::test_merger_append_nonexistent ... ok
test enhanced::page_ops::tests::test_merger_new ... ok
test enhanced::page_ops::tests::test_merge_pdf_invalid_input ... ok
test enhanced::page_merge::tests::test_count_pages ... ok
test enhanced::page_ops::tests::test_merge_pdf_empty ... ok
test enhanced::page_ops::tests::test_split_pdf_nonexistent ... ok
test enhanced::page_merge::tests::test_merge_single ... FAILED
test enhanced::performance::tests::test_async_config ... ok
test enhanced::performance::tests::test_available_parallelism ... ok
test enhanced::page_ops::tests::test_merger_save_no_pages ... ok
test enhanced::page_ops::tests::test_merger_append_valid ... ok
test enhanced::performance::tests::test_batch_processor ... ok
test enhanced::performance::tests::test_parallel_config ... ok
test enhanced::page_ops::tests::test_merger_append_multiple ... ok
test enhanced::platypus::tests::test_doc_template_creation ... ok
test enhanced::platypus::tests::test_frame_creation ... ok
test enhanced::platypus::tests::test_paragraph_creation ... ok
test enhanced::platypus::tests::test_spacer ... ok
test enhanced::page_ops::tests::test_crop_page_invalid_box ... ok
test enhanced::poster::tests::test_calculate_grid ... ok
test enhanced::poster::tests::test_calculate_tile_count ... ok
test enhanced::poster::tests::test_poster_calculator_basic ... ok
test enhanced::poster::tests::test_poster_calculator_with_overlap ... ok
test enhanced::poster::tests::test_poster_generator_creation ... ok
test enhanced::poster::tests::test_poster_options_builder ... ok
test enhanced::poster::tests::test_tile_label ... ok
test enhanced::page_ops::tests::test_rotate_pages_invalid_rotation ... ok
test enhanced::poster::tests::test_tile_position_description ... ok
test enhanced::poster::tests::test_usable_area ... ok
test enhanced::page_ops::tests::test_crop_page_valid ... ok
test enhanced::print_production::tests::test_booklet_options_default ... ok
test enhanced::print_production::tests::test_nup_options_default ... ok
test enhanced::print_production::tests::test_poster_options_default ... ok
test enhanced::page_ops::tests::test_merger_save_with_pages ... ok
test enhanced::signatures::tests::test_certificate_status ... ok
test enhanced::signatures::tests::test_encode_der_length ... ok
test enhanced::signatures::tests::test_escape_pdf_string ... ok
test enhanced::page_ops::tests::test_merge_pdf_simple ... FAILED
test enhanced::page_ops::tests::test_rotate_pages_valid ... ok
test enhanced::signatures::tests::test_hex_to_bytes ... ok
test enhanced::page_ops::tests::test_split_pdf_valid ... ok
test enhanced::page_ops::tests::test_reorder_pages ... ok
test enhanced::signatures::tests::test_key_type ... ok
test enhanced::signatures::tests::test_signature_algorithm_hash_name ... ok
test enhanced::signatures::tests::test_signature_algorithm_oid ... ok
test enhanced::signatures::tests::test_signature_appearance_default ... ok
test enhanced::signatures::tests::test_signature_appearance_invisible ... ok
test enhanced::signatures::tests::test_signature_field_builder ... ok
test enhanced::signatures::tests::test_tsa_config ... ok
test enhanced::signatures::tests::test_validation_unsigned ... ok
test enhanced::signatures::tests::test_well_known_tsa ... ok
test enhanced::table::tests::test_cell_ref_resolve ... ok
test enhanced::table::tests::test_cell_style_default ... ok
test enhanced::table::tests::test_row_backgrounds ... ok
test enhanced::table::tests::test_span_cells ... ok
test enhanced::table::tests::test_table_creation ... ok
test enhanced::table::tests::test_table_dimensions ... ok
test enhanced::table::tests::test_table_style_builder ... ok
test enhanced::table::tests::test_table_with_style ... ok
test enhanced::tests::test_enhanced_available ... ok
test enhanced::tests::test_version ... ok
test enhanced::toc::tests::test_leader_generation ... ok
test enhanced::toc::tests::test_level_style ... ok
test enhanced::toc::tests::test_toc_builder ... ok
test enhanced::toc::tests::test_toc_builder_without_numbering ... ok
test enhanced::toc::tests::test_toc_creation ... ok
test enhanced::toc::tests::test_toc_entry_creation ... ok
test enhanced::toc::tests::test_toc_flowable ... ok
test enhanced::toc::tests::test_toc_level_clamping ... ok
test enhanced::toc::tests::test_toc_without_title ... ok
test enhanced::typography::tests::test_paragraph_style_creation ... ok
test enhanced::typography::tests::test_rich_text_creation ... ok
test enhanced::typography::tests::test_style_inheritance ... ok
test enhanced::typography::tests::test_stylesheet_default_styles ... ok
test enhanced::validation::tests::test_minimal_pdf_validation ... ok
test enhanced::validation::tests::test_repair_options_all ... ok
test enhanced::validation::tests::test_severity_is_error ... ok
test enhanced::validation::tests::test_severity_ordering ... ok
test enhanced::validation::tests::test_validation_category_all ... ok
test enhanced::validation::tests::test_validation_issue_creation ... ok
test enhanced::validation::tests::test_validation_options_builder ... ok
test enhanced::validation::tests::test_validation_options_structure_only ... ok
test enhanced::validation::tests::test_validation_result_add_issue ... ok
test enhanced::validation::tests::test_validation_result_summary ... ok
test enhanced::validation::tests::test_validator_creation ... ok
test enhanced::writer::tests::test_add_blank_page ... ok
test enhanced::writer::tests::test_add_blank_page_invalid_dimensions ... ok
test enhanced::writer::tests::test_add_blank_page_too_large ... ok
test enhanced::writer::tests::test_add_multiple_pages ... ok
test enhanced::writer::tests::test_add_page_with_content ... ok
test enhanced::writer::tests::test_writer_new ... ok
test ffi::annot::tests::test_annot_border_width ... ok
test ffi::annot::tests::test_annot_color ... ok
test ffi::annot::tests::test_annot_contents ... ok
test ffi::annot::tests::test_annot_flags ... ok
test ffi::annot::tests::test_annot_rect ... ok
test enhanced::writer::tests::test_save_no_pages ... ok
test ffi::annot::tests::test_annot_type ... ok
test ffi::annot::tests::test_clone_annot ... ok
test ffi::annot::tests::test_annot_validation ... ok
test ffi::annot::tests::test_create_annot ... ok
test ffi::archive::tests::test_archive_format_invalid ... ok
test ffi::archive::tests::test_count_entries_invalid_archive ... ok
test enhanced::writer::tests::test_save_with_content ... ok
test enhanced::writer::tests::test_save_multiple_pages ... ok
test enhanced::writer::tests::test_save_with_pages ... ok
test ffi::archive::tests::test_list_entry_invalid_archive ... ok
test ffi::archive::tests::test_open_archive_with_buffer ... ok
test ffi::archive::tests::test_open_archive_with_null_path ... ok
test ffi::band_writer::tests::test_band_writer_config ... ok
test ffi::band_writer::tests::test_create_band_writer ... ok
test ffi::band_writer::tests::test_progress ... ok
test ffi::band_writer::tests::test_write_sequence ... ok
test ffi::barcode::tests::test_barcode_is_1d ... ok
test ffi::barcode::tests::test_barcode_is_2d ... ok
test ffi::barcode::tests::test_barcode_type_count ... ok
test ffi::barcode::tests::test_barcode_type_enum ... ok
test ffi::barcode::tests::test_barcode_type_from_string ... ok
test ffi::barcode::tests::test_barcode_type_string ... ok
test ffi::barcode::tests::test_ec_level ... ok
test ffi::barcode::tests::test_ffi_barcode_check_digit ... ok
test ffi::barcode::tests::test_ffi_barcode_is_2d ... ok
test ffi::barcode::tests::test_ffi_barcode_type_from_string ... ok
test ffi::barcode::tests::test_ffi_barcode_validate ... ok
test ffi::barcode::tests::test_ffi_new_barcode_pixmap_code128 ... ok
test ffi::barcode::tests::test_ffi_new_barcode_pixmap_ean13 ... ok
test ffi::archive::tests::test_open_archive_directory ... ok
test ffi::barcode::tests::test_ffi_new_barcode_pixmap_qr ... ok
test ffi::barcode::tests::test_generate_code128 ... ok
test ffi::barcode::tests::test_generate_code39 ... ok
test ffi::archive::tests::test_read_archive_entry ... ok
test ffi::barcode::tests::test_generate_ean13 ... ok
test ffi::barcode::tests::test_generate_ean8 ... ok
test ffi::barcode::tests::test_generate_qr_matrix ... ok
test ffi::archive::tests::test_has_archive_entry ... ok
test ffi::barcode::tests::test_null_handling ... ok
test ffi::bidi::tests::test_bidi_char_types ... ok
test ffi::bidi::tests::test_bidi_direction_enum ... ok
test ffi::bidi::tests::test_bidi_flags ... ok
test ffi::bidi::tests::test_detect_ltr ... ok
test ffi::bidi::tests::test_detect_rtl_arabic ... ok
test ffi::bidi::tests::test_detect_rtl_hebrew ... ok
test ffi::bidi::tests::test_ffi_char_type ... ok
test ffi::bidi::tests::test_ffi_detect_direction ... ok
test ffi::bidi::tests::test_ffi_fragment_callback ... ok
test ffi::archive::tests::test_entry_names ... ok
test ffi::bidi::tests::test_ffi_get_levels ... ok
test ffi::bidi::tests::test_ffi_get_mirror ... ok
test ffi::bidi::tests::test_ffi_has_mirror ... ok
test ffi::bidi::tests::test_ffi_has_rtl ... ok
test ffi::bidi::tests::test_ffi_is_control ... ok
test ffi::bidi::tests::test_ffi_is_ltr_only ... ok
test ffi::bidi::tests::test_ffi_reorder_run ... ok
test ffi::bidi::tests::test_ffi_strip_controls ... ok
test ffi::bidi::tests::test_fragment_text_ltr ... ok
test ffi::bidi::tests::test_fragment_text_rtl ... ok
test ffi::bidi::tests::test_reorder_ltr ... ok
test ffi::bidi::tests::test_reorder_rtl ... ok
test ffi::bidi::tests::test_resolve_levels_ltr ... ok
test ffi::bidi::tests::test_resolve_levels_mixed ... ok
test ffi::bidi::tests::test_resolve_levels_rtl ... ok
test ffi::bitmap::tests::test_create_bitmap ... ok
test ffi::bitmap::tests::test_invalid_dimensions ... ok
test ffi::bitmap::tests::test_invert ... ok
test ffi::bitmap::tests::test_pixel_operations ... ok
test ffi::bitmap::tests::test_rle_compression ... ok
test ffi::buffer::tests::test_buffer_append ... ok
test ffi::buffer::tests::test_buffer_append_byte ... ok
test ffi::buffer::tests::test_buffer_append_internal ... ok
test ffi::buffer::tests::test_buffer_append_multiple ... ok
test ffi::buffer::tests::test_buffer_capacity ... ok
test ffi::buffer::tests::test_buffer_clear ... ok
test ffi::buffer::tests::test_buffer_clear_internal ... ok
test ffi::buffer::tests::test_buffer_clear_invalid_handle ... ok
test ffi::buffer::tests::test_buffer_clone ... ok
test ffi::buffer::tests::test_buffer_create_and_drop ... ok
test ffi::buffer::tests::test_buffer_data_mut ... ok
test ffi::buffer::tests::test_buffer_ensure_null_terminated ... ok
test ffi::buffer::tests::test_buffer_ensure_null_terminated_empty ... ok
test ffi::buffer::tests::test_buffer_from_copied_data ... ok
test ffi::buffer::tests::test_buffer_from_copied_data_null ... ok
test ffi::buffer::tests::test_buffer_from_copied_data_null_with_size ... ok
test ffi::buffer::tests::test_buffer_from_data ... ok
test ffi::buffer::tests::test_buffer_grow ... ok
test ffi::buffer::tests::test_buffer_grow_invalid_handle ... ok
test ffi::buffer::tests::test_buffer_internal ... ok
test ffi::buffer::tests::test_buffer_is_empty ... ok
test ffi::buffer::tests::test_buffer_keep ... ok
test ffi::buffer::tests::test_buffer_len_invalid ... ok
test ffi::buffer::tests::test_buffer_pool_basic ... ok
test ffi::buffer::tests::test_buffer_pool_reuse ... ok
test ffi::buffer::tests::test_buffer_pool_stats ... ok
test ffi::buffer::tests::test_buffer_reserve ... ok
test ffi::buffer::tests::test_buffer_resize ... ok
test ffi::buffer::tests::test_buffer_resize_internal ... ok
test ffi::buffer::tests::test_buffer_resize_invalid_handle ... ok
test ffi::buffer::tests::test_buffer_shrink ... ok
test ffi::buffer::tests::test_buffer_storage ... ok
test ffi::buffer::tests::test_buffer_storage_invalid_handle ... ok
test ffi::buffer::tests::test_buffer_storage_null_datap ... ok
test ffi::buffer::tests::test_buffer_trim ... ok
test ffi::buffer::tests::test_buffer_trim_invalid_handle ... ok
test ffi::buffer::tests::test_buffer_unpooled ... ok
test ffi::buffer::tests::test_buffer_with_capacity ... ok
test ffi::buffer::tests::test_fz_append_bits_basic ... ok
test ffi::buffer::tests::test_fz_append_bits_invalid_count ... ok
test ffi::buffer::tests::test_fz_append_bits_invalid_handle ... ok
test ffi::buffer::tests::test_fz_append_bits_multiple ... ok
test ffi::buffer::tests::test_fz_append_bits_pad ... ok
test ffi::buffer::tests::test_fz_append_buffer ... ok
test ffi::buffer::tests::test_fz_append_buffer_invalid ... ok
test ffi::buffer::tests::test_fz_append_byte_invalid_handle ... ok
test ffi::buffer::tests::test_fz_append_data ... ok
test ffi::buffer::tests::test_fz_append_data_invalid_handle ... ok
test ffi::buffer::tests::test_fz_append_data_null ... ok
test ffi::buffer::tests::test_fz_append_int16_be ... ok
test ffi::buffer::tests::test_fz_append_int16_le ... ok
test ffi::buffer::tests::test_fz_append_int32_be ... ok
test ffi::buffer::tests::test_fz_append_int32_le ... ok
test ffi::buffer::tests::test_fz_append_int_invalid_handle ... ok
test ffi::buffer::tests::test_fz_append_pdf_string_escaping ... ok
test ffi::buffer::tests::test_fz_append_pdf_string_invalid_handle ... ok
test ffi::buffer::tests::test_fz_append_pdf_string_newlines ... ok
test ffi::buffer::tests::test_fz_append_pdf_string_null ... ok
test ffi::buffer::tests::test_fz_append_pdf_string_simple ... ok
test ffi::buffer::tests::test_fz_append_string ... ok
test ffi::buffer::tests::test_fz_append_string_invalid_handle ... ok
test ffi::buffer::tests::test_fz_append_string_null ... ok
test ffi::buffer::tests::test_fz_clone_buffer_invalid_handle ... ok
test ffi::buffer::tests::test_fz_md5_buffer ... ok
test ffi::buffer::tests::test_fz_md5_buffer_invalid_handle ... ok
test ffi::buffer::tests::test_fz_md5_buffer_null_digest ... ok
test ffi::buffer::tests::test_fz_string_from_buffer ... ok
test ffi::buffer::tests::test_fz_terminate_buffer ... ok
test ffi::buffer::tests::test_fz_terminate_buffer_already_terminated ... ok
test ffi::buffer::tests::test_fz_terminate_buffer_invalid_handle ... ok
test ffi::buffer::tests::test_pool_size_classes ... ok
test ffi::cbz::tests::test_cbz_document ... ok
test ffi::cbz::tests::test_cbz_page ... ok
test ffi::cbz::tests::test_comic_info ... ok
test ffi::cbz::tests::test_ffi_document ... ok
test ffi::cbz::tests::test_ffi_entries ... ok
test ffi::cbz::tests::test_ffi_format_names ... ok
test ffi::cbz::tests::test_ffi_is_image ... ok
test ffi::cbz::tests::test_ffi_metadata ... ok
test ffi::cbz::tests::test_ffi_page_size ... ok
test ffi::cbz::tests::test_format_constants ... ok
test ffi::buffered_io::tests::test_buffered_writer_capacity ... ok
test ffi::cbz::tests::test_image_format_constants ... ok
test ffi::cbz::tests::test_is_image_file ... ok
test ffi::buffered_io::tests::test_buffered_writer_stats ... ok
test ffi::cbz::tests::test_manga_constants ... ok
test ffi::cbz::tests::test_natural_sort ... ok
test ffi::buffered_io::tests::test_buffered_writer_line ... ok
test ffi::buffered_io::tests::test_ffi_writer_stats ... ok
test ffi::buffered_io::tests::test_buffered_writer_basic ... ok
test ffi::buffered_io::tests::test_ffi_buffered_writer ... ok
test ffi::color::tests::test_cal_gray_colorspace ... ok
test ffi::color::tests::test_cal_rgb_colorspace ... ok
test ffi::color::tests::test_clone_default_colorspaces ... ok
test ffi::color::tests::test_color_params_accessors ... ok
test ffi::color::tests::test_color_params_new ... ok
test ffi::color::tests::test_colorspace_digest ... ok
test ffi::color::tests::test_convert_color_with_params ... ok
test ffi::color::tests::test_default_color_params ... ok
test ffi::color::tests::test_default_colorspaces ... ok
test ffi::color::tests::test_default_colorspaces_null ... ok
test ffi::color::tests::test_is_valid_blend_colorspace ... ok
test ffi::color::tests::test_keep_drop_default_colorspaces ... ok
test ffi::color::tests::test_lookup_rendering_intent ... ok
test ffi::color::tests::test_max_colors ... ok
test ffi::color::tests::test_new_color_params ... ok
test ffi::color::tests::test_rendering_intent_from_i32 ... ok
test ffi::color::tests::test_rendering_intent_from_name ... ok
test ffi::color::tests::test_rendering_intent_name ... ok
test ffi::color::tests::test_rendering_intent_name_ffi ... ok
test ffi::color::tests::test_set_default_colorspaces ... ok
test ffi::colorspace::tests::test_colorspace_base_device ... ok
test ffi::colorspace::tests::test_colorspace_checks ... ok
test ffi::colorspace::tests::test_colorspace_high_device ... ok
test ffi::colorspace::tests::test_colorspace_is_cmyk_negative ... ok
test ffi::colorspace::tests::test_colorspace_is_device ... ok
test ffi::colorspace::tests::test_colorspace_is_device_n ... ok
test ffi::colorspace::tests::test_colorspace_is_gray_negative ... ok
test ffi::colorspace::tests::test_colorspace_is_indexed ... ok
test ffi::colorspace::tests::test_colorspace_is_rgb_negative ... ok
test ffi::colorspace::tests::test_colorspace_is_subtractive ... ok
test ffi::colorspace::tests::test_colorspace_lookup_returns_null ... ok
test ffi::colorspace::tests::test_colorspace_n ... ok
test ffi::colorspace::tests::test_colorspace_type ... ok
test ffi::colorspace::tests::test_convert_color_cmyk_to_rgb ... ok
test ffi::colorspace::tests::test_convert_color_gray_to_rgb ... ok
test ffi::colorspace::tests::test_convert_color_invalid_colorspace ... ok
test ffi::colorspace::tests::test_convert_color_null_pointers ... ok
test ffi::colorspace::tests::test_convert_color_rgb_to_cmyk ... ok
test ffi::colorspace::tests::test_convert_color_rgb_to_gray ... ok
test ffi::colorspace::tests::test_convert_color_same_colorspace ... ok
test ffi::colorspace::tests::test_device_cmyk_handle ... ok
test ffi::colorspace::tests::test_device_colorspaces ... ok
test ffi::colorspace::tests::test_device_gray_handle ... ok
test ffi::colorspace::tests::test_device_rgb_handle ... ok
test ffi::colorspace::tests::test_keep_drop_colorspace ... ok
test ffi::colorspace::tests::test_new_device_n_colorspace ... ok
test ffi::colorspace::tests::test_new_device_n_colorspace_invalid ... ok
test ffi::colorspace::tests::test_new_icc_colorspace ... ok
test ffi::colorspace::tests::test_new_icc_colorspace_with_name ... ok
test ffi::colorspace::tests::test_new_indexed_colorspace ... ok
test ffi::colorspace::tests::test_new_indexed_colorspace_invalid ... ok
test ffi::colorspace::tests::test_new_indexed_colorspace_null_lookup ... ok
test ffi::compat::tests::test_cookie_aliases ... ok
test ffi::compat::tests::test_new_buffer_from_stext_page ... ok
test ffi::compat::tests::test_new_stext_page_from_page ... ok
test ffi::compat::tests::test_open_document_with_buffer ... ok
test ffi::compress::tests::test_brotli_bound ... ok
test ffi::compress::tests::test_brotli_level_from_i32 ... ok
test ffi::compress::tests::test_ccitt_g3_basic ... ok
test ffi::compress::tests::test_brotli_to_buffer ... ok
test ffi::compress::tests::test_brotli_roundtrip ... ok
test ffi::compress::tests::test_ccitt_g4_basic ... ok
test ffi::compress::tests::test_compressed_buffer_lifecycle ... ok
test ffi::compress::tests::test_deflate_bound ... ok
test ffi::compress::tests::test_deflate_level_from_i32 ... ok
test ffi::compress::tests::test_image_type_from_name ... ok
test ffi::compress::tests::test_image_type_name ... ok
test ffi::compress::tests::test_deflate_roundtrip ... ok
test ffi::compress::tests::test_image_type_name_ffi ... ok
test ffi::compress::tests::test_deflate_to_buffer ... ok
test ffi::compress::tests::test_lookup_image_type ... ok
test ffi::compress::tests::test_deflate_levels ... ok
test ffi::compress::tests::test_new_brotli_data ... ok
test ffi::compress::tests::test_recognize_image_format_gif ... ok
test ffi::compress::tests::test_new_deflated_data ... ok
test ffi::compress::tests::test_recognize_image_format_jpeg ... ok
test ffi::compress::tests::test_recognize_image_format_png ... ok
test ffi::compress::tests::test_recognize_image_format_unknown ... ok
test ffi::context::tests::test_caught_message ... ok
test ffi::context::tests::test_context_clone ... ok
test ffi::context::tests::test_context_create_drop ... ok
test ffi::context::tests::test_convert_error ... ok
test ffi::context::tests::test_default_context ... ok
test ffi::context::tests::test_error_handling ... ok
test ffi::context::tests::test_flush_warnings ... ok
test ffi::context::tests::test_report_error ... ok
test ffi::context::tests::test_rethrow ... ok
test ffi::context::tests::test_store_size ... ok
test ffi::context::tests::test_user_context ... ok
test ffi::context::tests::test_warning ... ok
test ffi::convenience::tests::test_c_str_to_string ... ok
test ffi::convenience::tests::test_c_str_to_string_long ... ok
test ffi::convenience::tests::test_hex_val ... ok
test ffi::convenience::tests::test_metadata_extraction_empty_data ... ok
test ffi::convenience::tests::test_metadata_extraction_hex ... ok
test ffi::convenience::tests::test_metadata_extraction_hex_lowercase ... ok
test ffi::convenience::tests::test_metadata_extraction_literal ... ok
test ffi::convenience::tests::test_metadata_extraction_literal_escaped ... ok
test ffi::convenience::tests::test_metadata_extraction_literal_nested_parens ... ok
test ffi::convenience::tests::test_metadata_extraction_not_found ... ok
test ffi::convenience::tests::test_metadata_with_multiple_keys ... ok
test ffi::convenience::tests::test_metadata_with_newline ... ok
test ffi::convenience::tests::test_metadata_with_whitespace ... ok
test ffi::convenience::tests::test_mp_copy_pages_negative_count ... ok
test ffi::convenience::tests::test_mp_copy_pages_invalid_page_number ... FAILED
test ffi::convenience::tests::test_mp_copy_pages_null_output ... ok
test ffi::convenience::tests::test_mp_copy_pages_null_pages ... ok
test ffi::convenience::tests::test_mp_copy_pages_null_path ... ok
test ffi::convenience::tests::test_mp_copy_pages_out_of_range_page ... FAILED
test ffi::convenience::tests::test_mp_copy_pages_zero_count ... ok
test ffi::convenience::tests::test_mp_copy_pages_valid_all_pages ... FAILED
test ffi::convenience::tests::test_mp_extract_page_text_nonexistent ... ok
test ffi::convenience::tests::test_mp_extract_page_text_invalid_page ... FAILED
test ffi::convenience::tests::test_mp_extract_page_text_null_path ... ok
test ffi::convenience::tests::test_mp_extract_text_nonexistent ... ok
test ffi::convenience::tests::test_mp_extract_text_null_output ... ok
test ffi::convenience::tests::test_mp_extract_page_text_valid ... FAILED
test ffi::convenience::tests::test_mp_extract_text_null_path ... ok
test ffi::convenience::tests::test_mp_free_bytes_null ... ok
test ffi::convenience::tests::test_mp_extract_text_valid ... FAILED
test ffi::convenience::tests::test_mp_free_bytes_valid ... ok
test ffi::convenience::tests::test_mp_free_bytes_zero_len ... ok
test ffi::convenience::tests::test_mp_free_extracted_text_empty ... ok
test ffi::convenience::tests::test_mp_free_extracted_text_null ... ok
test ffi::convenience::tests::test_mp_free_extracted_text_with_data ... ok
test ffi::convenience::tests::test_mp_free_pdf_info_empty ... ok
test ffi::convenience::tests::test_mp_free_pdf_info_null ... ok
test ffi::convenience::tests::test_mp_free_pdf_info_with_data ... ok
test ffi::convenience::tests::test_mp_free_rendered_page_empty ... ok
test ffi::convenience::tests::test_mp_free_rendered_page_null ... ok
test ffi::convenience::tests::test_mp_free_rendered_page_with_data ... ok
test ffi::convenience::tests::test_mp_get_page_count_nonexistent ... ok
test ffi::convenience::tests::test_mp_get_page_count_null_path ... ok
test ffi::convenience::tests::test_mp_get_page_count_multipage ... FAILED
test ffi::convenience::tests::test_mp_get_page_count_valid ... FAILED
test ffi::convenience::tests::test_mp_get_page_dimensions_invalid_page ... FAILED
test ffi::convenience::tests::test_mp_get_page_dimensions_nonexistent ... ok
test ffi::convenience::tests::test_mp_get_page_dimensions_null_output ... ok
test ffi::convenience::tests::test_mp_get_page_dimensions_null_path ... ok
test ffi::convenience::tests::test_mp_get_pdf_info_nonexistent_file ... ok
test ffi::convenience::tests::test_mp_get_page_dimensions_valid ... FAILED
test ffi::convenience::tests::test_mp_get_pdf_info_null_output ... ok
test ffi::convenience::tests::test_mp_get_pdf_info_null_path ... ok
test ffi::convenience::tests::test_mp_get_pdf_info_valid ... FAILED
test ffi::convenience::tests::test_mp_is_valid_pdf_invalid_content ... FAILED
test ffi::convenience::tests::test_mp_is_valid_pdf_nonexistent ... ok
test ffi::convenience::tests::test_mp_is_valid_pdf_null_path ... ok
test ffi::convenience::tests::test_mp_merge_pdf_files_negative_count ... ok
test ffi::convenience::tests::test_mp_is_valid_pdf_valid ... FAILED
test ffi::convenience::tests::test_mp_merge_pdf_files_nonexistent ... ok
test ffi::convenience::tests::test_mp_merge_pdf_files_null_output ... ok
test ffi::convenience::tests::test_mp_merge_pdf_files_null_paths ... ok
test ffi::convenience::tests::test_mp_merge_pdf_files_zero_count ... ok
test ffi::convenience::tests::test_mp_merge_pdf_files_valid ... FAILED
test ffi::convenience::tests::test_mp_render_page_to_png_invalid_page ... FAILED
test ffi::convenience::tests::test_mp_render_page_to_png_nonexistent ... ok
test ffi::convenience::tests::test_mp_render_page_to_png_null_output ... ok
test ffi::convenience::tests::test_mp_render_page_to_png_null_path ... ok
test ffi::convenience::tests::test_mp_render_page_to_png_valid ... FAILED
test ffi::convenience::tests::test_mp_render_page_to_rgb_nonexistent ... ok
test ffi::convenience::tests::test_mp_render_page_to_rgb_invalid_page ... FAILED
test ffi::convenience::tests::test_mp_render_page_to_rgb_null_output ... ok
test ffi::convenience::tests::test_mp_render_page_to_rgb_null_path ... ok
test ffi::convenience::tests::test_mp_render_page_to_rgb_valid ... FAILED
test ffi::convenience::tests::test_mp_repair_damaged_pdf_nonexistent ... ok
test ffi::convenience::tests::test_mp_repair_damaged_pdf_null_output ... ok
test ffi::convenience::tests::test_mp_repair_damaged_pdf_null_path ... ok
test ffi::convenience::tests::test_mp_repair_damaged_pdf_valid ... FAILED
test ffi::convenience::tests::test_mp_split_pdf_to_pages_nonexistent ... ok
test ffi::convenience::tests::test_mp_split_pdf_to_pages_null_output ... ok
test ffi::convenience::tests::test_mp_split_pdf_to_pages_null_path ... ok
test ffi::convenience::tests::test_pdf_version_extraction ... ok
test ffi::convenience::tests::test_pdf_version_extraction_14 ... ok
test ffi::convenience::tests::test_mp_split_pdf_to_pages_valid ... FAILED
test ffi::convenience::tests::test_pdf_version_extraction_20 ... ok
test ffi::convenience::tests::test_pdf_version_extraction_invalid ... ok
test ffi::convenience::tests::test_pdf_version_with_space ... ok
test ffi::convenience::tests::test_string_to_c ... ok
test ffi::convenience::tests::test_string_to_c_long_string ... ok
test ffi::convenience::tests::test_string_to_c_with_null_byte ... ok
test ffi::cookie::tests::test_abort ... ok
test ffi::cookie::tests::test_errors ... ok
test ffi::cookie::tests::test_incomplete ... ok
test ffi::cookie::tests::test_invalid_cookie ... ok
test ffi::cookie::tests::test_new_cookie ... ok
test ffi::cookie::tests::test_progress ... ok
test ffi::cookie::tests::test_reset ... ok
test ffi::data_locality::tests::test_color_soa ... ok
test ffi::data_locality::tests::test_ffi_locality_stats ... ok
test ffi::data_locality::tests::test_ffi_page_buffer ... ok
test ffi::data_locality::tests::test_ffi_point_soa ... ok
test ffi::data_locality::tests::test_ffi_rect_soa ... ok
test ffi::data_locality::tests::test_page_aligned_buffer_capacity_overflow ... ok
test ffi::data_locality::tests::test_page_aligned_buffer_from_slice ... ok
test ffi::data_locality::tests::test_page_aligned_buffer_new ... ok
test ffi::data_locality::tests::test_page_aligned_buffer_write ... ok
test ffi::data_locality::tests::test_point_soa ... ok
test ffi::data_locality::tests::test_point_soa_transform ... ok
test ffi::data_locality::tests::test_prefetch_locality_enum ... ok
test ffi::data_locality::tests::test_rect_soa ... ok
test ffi::deskew::tests::test_deskew_border_enum ... ok
test ffi::deskew::tests::test_ffi_deskew_increase_border ... ok
test ffi::deskew::tests::test_ffi_deskew_pixmap ... ok
test ffi::deskew::tests::test_ffi_flip_vertical ... ok
test ffi::deskew::tests::test_ffi_flip_horizontal ... ok
test ffi::deskew::tests::test_ffi_rotate_180 ... ok
test ffi::deskew::tests::test_ffi_rotate_270 ... ok
test ffi::deskew::tests::test_ffi_rotate_90 ... ok
test ffi::deskew::tests::test_null_handling ... ok
test ffi::device::tests::test_close_device ... ok
test ffi::device::tests::test_end_group ... ok
test ffi::device::tests::test_end_mask ... ok
test ffi::device::tests::test_keep_device ... ok
test ffi::device::tests::test_new_bbox_device ... ok
test ffi::device::tests::test_new_trace_device ... ok
test ffi::device::tests::test_pop_clip ... ok
test ffi::display_list::tests::test_bound_display_list ... ok
test ffi::display_list::tests::test_display_list_clear ... ok
test ffi::display_list::tests::test_display_list_count_commands ... ok
test ffi::display_list::tests::test_display_list_is_empty ... ok
test ffi::display_list::tests::test_keep_display_list ... ok
test ffi::display_list::tests::test_new_display_list ... ok
test ffi::display_list::tests::test_run_display_list ... ok
test ffi::document::tests::test_authenticate_password ... ok
test ffi::document::tests::test_authenticate_password_invalid_handle ... ok
test ffi::document::tests::test_bound_page ... ok
test ffi::document::tests::test_bound_page_invalid ... ok
test ffi::document::tests::test_count_chapter_pages ... ok
test ffi::document::tests::test_count_chapters ... ok
test ffi::document::tests::test_count_pages ... ok
test ffi::document::tests::test_count_pages_invalid_handle ... ok
test ffi::document::tests::test_document_estimate_page_count ... ok
test ffi::deskew::tests::test_detect_skew_straight ... ok
test ffi::document::tests::test_document_handle ... ok
test ffi::document::tests::test_document_new ... ok
test ffi::document::tests::test_has_permission ... ok
test ffi::document::tests::test_has_permission_invalid_handle ... ok
test ffi::deskew::tests::test_detect_skew_angle ... ok
test ffi::document::tests::test_high_level_document_api ... ok
test ffi::document::tests::test_keep_document ... ok
test ffi::document::tests::test_keep_page ... ok
test ffi::document::tests::test_load_chapter_page ... ok
test ffi::document::tests::test_load_outline ... ok
test ffi::document::tests::test_load_outline_invalid_doc ... ok
test ffi::document::tests::test_load_page ... ok
test ffi::document::tests::test_load_page_invalid_doc ... ok
test ffi::document::tests::test_load_page_invalid_page_num ... ok
test ffi::document::tests::test_lookup_metadata ... ok
test ffi::document::tests::test_lookup_metadata_null_buffer ... ok
test ffi::document::tests::test_make_location_uri ... ok
test ffi::document::tests::test_make_location_uri_null_buffer ... ok
test ffi::document::tests::test_needs_password ... ok
test ffi::document::tests::test_needs_password_invalid_handle ... ok
test ffi::document::tests::test_open_document_null_filename ... ok
test ffi::document::tests::test_open_document_with_invalid_stream ... ok
test ffi::document::tests::test_open_document_with_stream ... ok
test ffi::document::tests::test_page_number_from_location ... ok
test ffi::document::tests::test_permission_constants ... ok
test ffi::document::tests::test_resolve_link ... ok
test ffi::document::tests::test_resolve_link_invalid ... ok
test ffi::document::tests::test_resolve_link_invalid_uri ... ok
test ffi::draw_device::tests::test_blend_modes ... ok
test ffi::draw_device::tests::test_clipping ... ok
test ffi::draw_device::tests::test_create_draw_device ... ok
test ffi::draw_device::tests::test_graphics_state ... ok
test ffi::draw_device::tests::test_path_operations ... ok
test ffi::enhanced::document_composition::tests::test_doc_template_create ... ok
test ffi::enhanced::document_composition::tests::test_frame_create ... ok
test ffi::enhanced::document_composition::tests::test_image_create ... ok
test ffi::enhanced::document_composition::tests::test_paragraph_create ... ok
test ffi::enhanced::document_composition::tests::test_story_create ... ok
test ffi::enhanced::document_composition::tests::test_stylesheet_create ... ok
test ffi::enhanced::document_composition::tests::test_table_create ... ok
test ffi::enhanced::document_composition::tests::test_toc_create ... ok
test ffi::enhanced::html_to_pdf::tests::test_null_params ... ok
test ffi::enhanced::html_to_pdf::tests::test_html_to_pdf_basic ... FAILED
test ffi::enhanced::html_to_pdf::tests::test_options_create_free ... ok
test ffi::enhanced::html_to_pdf::tests::test_options_landscape ... ok
test ffi::enhanced::html_to_pdf::tests::test_options_margins ... ok
test ffi::enhanced::html_to_pdf::tests::test_options_page_size ... ok
test ffi::enhanced::html_to_pdf::tests::test_options_scale ... ok
test ffi::enhanced::html_to_pdf::tests::test_options_stylesheet ... ok
test ffi::enhanced::print_production::tests::test_binding_constants ... ok
test ffi::enhanced::print_production::tests::test_constants ... ok
test ffi::enhanced::print_production::tests::test_null_safety ... ok
test ffi::enhanced::print_production::tests::test_page_size_constants ... ok
test ffi::enhanced::print_production::tests::test_rectangle_struct ... ok
test ffi::enhanced::print_production::tests::test_unit_constants ... ok
test ffi::enhanced::print_production::tests::test_validation_constants ... ok
test ffi::enhanced::print_production::tests::test_validation_result_struct ... ok
test ffi::enhanced::security::tests::test_certificate_load_null ... ok
test ffi::enhanced::security::tests::test_certificate_load_pem_null ... ok
test ffi::enhanced::security::tests::test_encrypt_decrypt_null ... ok
test ffi::enhanced::security::tests::test_encryption_options ... ok
test ffi::enhanced::security::tests::test_free_null ... ok
test ffi::enhanced::security::tests::test_signature_count_null ... ok
test ffi::enhanced::security::tests::test_signature_create_invalid ... ok
test ffi::enhanced::security::tests::test_signature_verify_null ... ok
test ffi::enhanced::tests::test_add_blank_page_invalid_dimensions ... ok
test ffi::enhanced::tests::test_add_watermark_invalid_opacity ... ok
test ffi::enhanced::tests::test_add_watermark_null_text ... ok
test ffi::enhanced::tests::test_draw_circle_invalid_radius ... ok
test ffi::enhanced::tests::test_draw_line_invalid_color ... ok
test ffi::enhanced::tests::test_draw_rectangle_invalid_dimensions ... ok
test ffi::enhanced::tests::test_merge_pdfs_null_paths ... ok
test ffi::enhanced::tests::test_split_pdf_null_path ... ok
test ffi::epub::tests::test_direction_constants ... ok
test ffi::epub::tests::test_epub_document ... ok
test ffi::epub::tests::test_ffi_document ... ok
test ffi::epub::tests::test_ffi_files ... ok
test ffi::epub::tests::test_ffi_manifest ... ok
test ffi::epub::tests::test_ffi_media_type_string ... ok
test ffi::epub::tests::test_ffi_metadata ... ok
test ffi::epub::tests::test_ffi_spine ... ok
test ffi::epub::tests::test_ffi_toc ... ok
test ffi::epub::tests::test_manifest_item ... ok
test ffi::epub::tests::test_manifest_item_properties ... ok
test ffi::epub::tests::test_nav_point ... ok
test ffi::epub::tests::test_spine_item ... ok
test ffi::epub::tests::test_version_constants ... ok
test ffi::ffi_safety::tests::test_cstr_safe_macro_via_function ... ok
test ffi::ffi_safety::tests::test_cstr_to_str_null ... ok
test ffi::ffi_safety::tests::test_cstr_to_str_valid ... ok
test ffi::ffi_safety::tests::test_cstr_to_string_null ... ok
test ffi::ffi_safety::tests::test_is_valid_handle ... ok
test ffi::ffi_safety::tests::test_raw_to_slice_null ... ok
test ffi::ffi_safety::tests::test_raw_to_slice_valid ... ok
test ffi::ffi_safety::tests::test_raw_to_vec_null ... ok
test ffi::ffi_safety::tests::test_slice_safe_macro_via_function ... ok
test ffi::ffi_safety::tests::test_write_out_null ... ok
test ffi::ffi_safety::tests::test_write_out_valid ... ok
test ffi::ffi_safety::tests::test_write_safe_macro_via_function ... ok
test ffi::filter::tests::test_arc4_decode ... ok
test ffi::filter::tests::test_ascii85_decode ... ok
test ffi::filter::tests::test_asciihex_decode ... ok
test ffi::filter::tests::test_concat_filter ... ok
test ffi::filter::tests::test_flate_decode ... ok
test ffi::filter::tests::test_jbig2_globals ... ok
test ffi::filter::tests::test_null_filter ... ok
test ffi::deskew::tests::test_ffi_auto_deskew ... ok
test ffi::filter::tests::test_predict_none ... ok
test ffi::filter::tests::test_runlength_decode ... ok
test ffi::font::tests::test_advance_glyph ... ok
test ffi::font::tests::test_bound_glyph ... ok
test ffi::font::tests::test_encode_character ... ok
test ffi::font::tests::test_font_bbox ... ok
test ffi::deskew::tests::test_ffi_detect_skew ... ok
test ffi::font::tests::test_font_name ... ok
test ffi::font::tests::test_font_properties ... ok
test ffi::font::tests::test_keep_font ... ok
test ffi::font::tests::test_new_font ... ok
test ffi::font::tests::test_new_font_from_memory ... ok
test ffi::font::tests::test_new_font_null_name ... ok
test ffi::form::tests::test_choice_field ... ok
test ffi::form::tests::test_create_checkbox ... ok
test ffi::form::tests::test_create_text_field ... ok
test ffi::form::tests::test_field_flags ... ok
test ffi::form::tests::test_field_value ... ok
test ffi::form::tests::test_form_operations ... ok
test ffi::geometry::tests::test_contains_rect ... ok
test ffi::geometry::tests::test_expand_irect ... ok
test ffi::deskew::tests::test_ffi_is_skewed ... ok
test ffi::geometry::tests::test_expand_rect ... ok
test ffi::geometry::tests::test_include_point_in_rect ... ok
test ffi::geometry::tests::test_intersect_irect ... ok
test ffi::geometry::tests::test_invert_matrix ... ok
test ffi::geometry::tests::test_irect_from_rect ... ok
test ffi::geometry::tests::test_irect_struct ... ok
test ffi::geometry::tests::test_is_point_inside_irect ... ok
test ffi::geometry::tests::test_is_point_inside_rect ... ok
test ffi::geometry::tests::test_is_rectilinear ... ok
test ffi::geometry::tests::test_matrix_concat ... ok
test ffi::geometry::tests::test_matrix_expansion ... ok
test ffi::geometry::tests::test_matrix_identity ... ok
test ffi::geometry::tests::test_matrix_max_expansion ... ok
test ffi::geometry::tests::test_matrix_struct ... ok
test ffi::geometry::tests::test_normalize_vector ... ok
test ffi::geometry::tests::test_overlaps_rect ... ok
test ffi::geometry::tests::test_point_struct ... ok
test ffi::geometry::tests::test_post_scale ... ok
test ffi::geometry::tests::test_pre_rotate ... ok
test ffi::geometry::tests::test_pre_scale ... ok
test ffi::geometry::tests::test_pre_shear ... ok
test ffi::geometry::tests::test_pre_translate ... ok
test ffi::geometry::tests::test_quad_from_rect ... ok
test ffi::geometry::tests::test_rect_from_irect ... ok
test ffi::geometry::tests::test_rect_from_quad ... ok
test ffi::geometry::tests::test_rect_operations ... ok
test ffi::geometry::tests::test_rect_struct ... ok
test ffi::geometry::tests::test_rotate ... ok
test ffi::geometry::tests::test_round_rect ... ok
test ffi::geometry::tests::test_scale ... ok
test ffi::geometry::tests::test_shear ... ok
test ffi::geometry::tests::test_static_values ... ok
test ffi::geometry::tests::test_transform_point ... ok
test ffi::geometry::tests::test_transform_point_xy ... ok
test ffi::geometry::tests::test_transform_quad ... ok
test ffi::geometry::tests::test_transform_rect ... ok
test ffi::geometry::tests::test_transform_vector ... ok
test ffi::geometry::tests::test_translate ... ok
test ffi::geometry::tests::test_translate_irect ... ok
test ffi::geometry::tests::test_translate_rect ... ok
test ffi::geometry::tests::test_version ... ok
test ffi::glyph::tests::test_color_layers ... ok
test ffi::glyph::tests::test_glyph_advance ... ok
test ffi::glyph::tests::test_glyph_cache ... ok
test ffi::glyph::tests::test_glyph_matrix ... ok
test ffi::glyph::tests::test_glyph_origin ... ok
test ffi::glyph::tests::test_hinting ... ok
test ffi::glyph::tests::test_new_glyph ... ok
test ffi::glyph::tests::test_subpixel_adjust ... ok
test ffi::glyph::tests::test_variations ... ok
test ffi::glyph_cache::tests::test_cache_basic_operations ... ok
test ffi::glyph_cache::tests::test_cache_eviction ... ok
test ffi::glyph_cache::tests::test_cache_eviction_policy ... ok
test ffi::glyph_cache::tests::test_cache_lookup_insert ... ok
test ffi::glyph_cache::tests::test_cache_purge ... ok
test ffi::glyph_cache::tests::test_cache_remove ... ok
test ffi::glyph_cache::tests::test_cache_stats ... ok
test ffi::glyph_cache::tests::test_cache_stats_empty ... ok
test ffi::glyph_cache::tests::test_ffi_cache_limits ... ok
test ffi::glyph_cache::tests::test_ffi_cache_policy ... ok
test ffi::glyph_cache::tests::test_ffi_cache_stats ... ok
test ffi::glyph_cache::tests::test_glyph_cache_key ... ok
test ffi::glyph_cache::tests::test_glyph_cache_key_different_subpixel ... ok
test ffi::glyph_cache::tests::test_purge_font ... ok
test ffi::glyph_cache::tests::test_subpixel_adjust ... ok
test ffi::gpu::backend::tests::test_best_backend ... ok
test ffi::gpu::backend::tests::test_format_bytes ... ok
test ffi::gpu::directx::tests::test_create_dx11_device ... ok
test ffi::gpu::directx::tests::test_create_dx12_device ... ok
test ffi::gpu::opengl::tests::test_create_device ... ok
test ffi::gpu::opengl::tests::test_create_texture ... ok
test ffi::gpu::tests::test_backend_availability ... ok
test ffi::gpu::tests::test_invalid_backend ... ok
test ffi::gpu::vulkan::tests::test_create_device ... ok
test ffi::gpu::vulkan::tests::test_create_texture ... ok
test ffi::hashmap_util::tests::test_ffi_capacities ... ok
test ffi::hashmap_util::tests::test_ffi_hash_pdf_name ... ok
test ffi::hashmap_util::tests::test_ffi_is_standard_name ... ok
test ffi::hashmap_util::tests::test_ffi_lookup_standard_name ... ok
test ffi::hashmap_util::tests::test_ffi_standard_name_str ... ok
test ffi::hashmap_util::tests::test_hash_collision_resistance ... ok
test ffi::hashmap_util::tests::test_pdf_name_hasher ... ok
test ffi::hashmap_util::tests::test_pdf_name_map ... ok
test ffi::hashmap_util::tests::test_presized_maps ... ok
test ffi::hashmap_util::tests::test_standard_name_lookup ... ok
test ffi::hashmap_util::tests::test_standard_name_str ... ok
test ffi::heap::tests::test_empty_heap_pop ... ok
test ffi::heap::tests::test_heap_clear ... ok
test ffi::heap::tests::test_heap_reserve ... ok
test ffi::heap::tests::test_heap_type ... ok
test ffi::heap::tests::test_heap_type_enum ... ok
test ffi::heap::tests::test_int2_heap ... ok
test ffi::heap::tests::test_int2_heap_uniq ... ok
test ffi::heap::tests::test_int_heap_insert_pop ... ok
test ffi::heap::tests::test_int_heap_peek ... ok
test ffi::heap::tests::test_int_heap_sort ... ok
test ffi::heap::tests::test_intptr_heap ... ok
test ffi::heap::tests::test_new_heap ... ok
test ffi::heap::tests::test_new_heap_with_capacity ... ok
test ffi::heap::tests::test_null_handling ... ok
test ffi::heap::tests::test_ptr_heap ... ok
test ffi::heap::tests::test_wrong_heap_type ... ok
test ffi::hints::tests::test_assume ... ok
test ffi::hints::tests::test_black_box ... ok
test ffi::hints::tests::test_clamp_f32 ... ok
test ffi::hints::tests::test_clamp_i32 ... ok
test ffi::hints::tests::test_early_return_on_error ... ok
test ffi::hints::tests::test_early_return_on_none ... ok
test ffi::hints::tests::test_early_return_on_null ... ok
test ffi::hints::tests::test_ffi_black_box ... ok
test ffi::hints::tests::test_ffi_likely ... ok
test ffi::hints::tests::test_ffi_min_max ... ok
test ffi::hints::tests::test_likely_unlikely ... ok
test ffi::hints::tests::test_min_max_f32 ... ok
test ffi::hints::tests::test_min_max_i32 ... ok
test ffi::hints::tests::test_min_max_usize ... ok
test ffi::hyphen::tests::test_add_pattern ... ok
test ffi::hyphen::tests::test_different_languages ... ok
test ffi::hyphen::tests::test_empty_hyphenator ... ok
test ffi::hyphen::tests::test_hyphenate_simple ... ok
test ffi::hyphen::tests::test_hyphenate_with_hyphens ... ok
test ffi::hyphen::tests::test_hyphenate_word_ffi ... ok
test ffi::hyphen::tests::test_hyphenation_points ... ok
test ffi::hyphen::tests::test_is_unicode_hyphen ... ok
test ffi::hyphen::tests::test_language_code ... ok
test ffi::hyphen::tests::test_language_enum ... ok
test ffi::hyphen::tests::test_min_values ... ok
test ffi::hyphen::tests::test_new_hyphenator ... ok
test ffi::hyphen::tests::test_null_handling ... ok
test ffi::hyphen::tests::test_register_lookup ... ok
test ffi::hyphen::tests::test_short_words ... ok
test ffi::image::tests::test_decode_image ... ok
test ffi::image::tests::test_decode_image_scaled ... ok
test ffi::image::tests::test_get_pixmap_from_image ... ok
test ffi::image::tests::test_image_colorspace ... ok
test ffi::image::tests::test_image_dimensions ... ok
test ffi::image::tests::test_image_is_mask ... ok
test ffi::image::tests::test_image_resolution ... ok
test ffi::image::tests::test_keep_image ... ok
test ffi::image::tests::test_new_image_from_pixmap ... ok
test ffi::json::tests::test_create_array ... ok
test ffi::json::tests::test_create_boolean ... ok
test ffi::json::tests::test_create_null ... ok
test ffi::json::tests::test_create_number ... ok
test ffi::json::tests::test_create_object ... ok
test ffi::json::tests::test_create_string ... ok
test ffi::json::tests::test_escape_string ... ok
test ffi::json::tests::test_json_type_enum ... ok
test ffi::json::tests::test_nested_parse ... ok
test ffi::json::tests::test_null_handling ... ok
test ffi::json::tests::test_parse_array ... ok
test ffi::json::tests::test_parse_json ... ok
test ffi::json::tests::test_pretty_print ... ok
test ffi::json::tests::test_serialize_json ... ok
test ffi::json::tests::test_unescape_string ... ok
test ffi::json::tests::test_unicode_string ... ok
test ffi::link::tests::test_create_link ... ok
test ffi::link::tests::test_is_external_link ... ok
test ffi::link::tests::test_is_page_link ... ok
test ffi::link::tests::test_keep_link ... ok
test ffi::link::tests::test_link_list_find_at_point ... ok
test ffi::link::tests::test_link_list_operations ... ok
test ffi::link::tests::test_link_page_number ... ok
test ffi::link::tests::test_link_rect ... ok
test ffi::link::tests::test_link_uri ... ok
test ffi::link::tests::test_new_link_list ... ok
test ffi::lockfree::tests::test_atomic_ref_count ... ok
test ffi::lockfree::tests::test_ffi_queue ... ok
test ffi::lockfree::tests::test_lockfree_queue_basic ... ok
test ffi::lockfree::tests::test_lockfree_queue_full ... ok
test ffi::lockfree::tests::test_lockfree_store_basic ... ok
test ffi::lockfree::tests::test_sharded_map_basic ... ok
test ffi::lockfree::tests::test_store_stats ... ok
test ffi::lockfree::tests::test_lockfree_queue_concurrent ... ok
test ffi::log::tests::test_level_name ... ok
test ffi::log::tests::test_last_warning ... ok
test ffi::log::tests::test_log_basic ... ok
test ffi::lockfree::tests::test_lockfree_store_concurrent_writes ... ok
test ffi::log::tests::test_log_buffer ... ok
test ffi::lockfree::tests::test_sharded_map_concurrent ... ok
test ffi::log::tests::test_log_file ... ok
test ffi::log::tests::test_log_filtering ... ok
test ffi::log::tests::test_log_level_enum ... ok
test ffi::log::tests::test_log_levels ... ok
test ffi::log::tests::test_log_module ... ok
test ffi::log::tests::test_module_level ... ok
test ffi::log::tests::test_null_handling ... ok
test ffi::log::tests::test_parse_level ... ok
test ffi::log::tests::test_set_get_level ... ok
test ffi::log::tests::test_timestamp_location ... ok
test ffi::log::tests::test_warning_callback ... ok
test ffi::memory_profiler::tests::test_allocation_tracking ... ok
test ffi::memory_profiler::tests::test_leak_detection ... ok
test ffi::memory_profiler::tests::test_type_stats ... ok
test ffi::mmap::tests::test_mapped_file_integers ... ok
test ffi::mmap::tests::test_mapped_file_read_at ... ok
test ffi::mmap::tests::test_mapped_file_open ... ok
test ffi::mmap::tests::test_mapped_file_rfind ... ok
test ffi::ocr::tests::test_ocr_availability ... ok
test ffi::ocr::tests::test_ocr_block ... ok
test ffi::ocr::tests::test_ocr_config_default ... ok
test ffi::lockfree::tests::test_lockfree_store_concurrent_reads ... ok
test ffi::ocr::tests::test_ocr_engine_ffi ... ok
test ffi::mmap::tests::test_ffi_mapped_file_find ... ok
test ffi::mmap::tests::test_lazy_region ... ok
test ffi::ocr::tests::test_ocr_engine_stub ... ok
test ffi::mmap::tests::test_mapped_buffer_seek ... ok
test ffi::mmap::tests::test_ffi_mapped_buffer ... ok
test ffi::ocr::tests::test_ocr_line ... ok
test ffi::ocr::tests::test_ocr_result ... ok
test ffi::ocr::tests::test_ocr_result_ffi ... ok
test ffi::mmap::tests::test_ffi_mapped_file ... ok
test ffi::mmap::tests::test_mapped_buffer_read ... ok
test ffi::mmap::tests::test_mapped_buffer_read_line ... ok
test ffi::ocr::tests::test_ocr_word ... ok
test ffi::mmap::tests::test_mapped_file_find ... ok
test ffi::office::tests::test_cell_reference ... ok
test ffi::office::tests::test_content_constants ... ok
test ffi::office::tests::test_content_element ... ok
test ffi::office::tests::test_ffi_docx ... ok
test ffi::office::tests::test_ffi_metadata ... ok
test ffi::office::tests::test_ffi_pptx ... ok
test ffi::office::tests::test_ffi_type_name ... ok
test ffi::office::tests::test_ffi_xlsx ... ok
test ffi::office::tests::test_office_document_docx ... ok
test ffi::office::tests::test_office_document_pptx ... ok
test ffi::office::tests::test_office_document_xlsx ... ok
test ffi::office::tests::test_paragraph_style ... ok
test ffi::office::tests::test_sheet ... ok
test ffi::office::tests::test_spreadsheet_cell ... ok
test ffi::office::tests::test_text_style ... ok
test ffi::office::tests::test_type_constants ... ok
test ffi::outline::tests::test_outline_color ... ok
test ffi::outline::tests::test_outline_create ... ok
test ffi::outline::tests::test_outline_flags ... ok
test ffi::outline::tests::test_outline_iterator ... ok
test ffi::outline::tests::test_outline_page ... ok
test ffi::outline::tests::test_outline_title ... ok
test ffi::outline::tests::test_outline_tree ... ok
test ffi::output::tests::test_output_null_filename ... ok
test ffi::output::tests::test_output_flush ... ok
test ffi::output::tests::test_output_keep ... ok
test ffi::output::tests::test_output_write_base64_uri ... ok
test ffi::output::tests::test_seek_constants ... ok
test ffi::output::tests::test_output_write_base64 ... ok
test ffi::output::tests::test_output_truncate ... ok
test ffi::output::tests::test_output_seek_tell ... ok
test ffi::output::tests::test_output_to_file ... ok
test ffi::path::tests::test_clone_stroke_state ... ok
test ffi::output::tests::test_output_write_byte ... ok
test ffi::path::tests::test_keep_path ... ok
test ffi::path::tests::test_new_path ... ok
test ffi::path::tests::test_new_stroke_state ... ok
test ffi::path::tests::test_path_curves ... ok
test ffi::output::tests::test_output_write_float ... ok
test ffi::output::tests::test_output_write_bits ... ok
test ffi::path::tests::test_path_operations ... ok
test ffi::path::tests::test_path_rect ... ok
test ffi::path::tests::test_stroke_state_cap ... ok
test ffi::path::tests::test_stroke_state_join ... ok
test ffi::path::tests::test_stroke_state_linewidth ... ok
test ffi::path::tests::test_stroke_state_dash ... ok
test ffi::path::tests::test_stroke_state_miterlimit ... ok
test ffi::output::tests::test_output_write_data ... ok
test ffi::output::tests::test_output_write_integers ... ok
test ffi::pdf_3d::tests::test_activation_constants ... ok
test ffi::pdf_3d::tests::test_annotation_3d ... ok
test ffi::pdf_3d::tests::test_camera_3d ... ok
test ffi::pdf_3d::tests::test_ffi_activation ... ok
test ffi::output::tests::test_output_write_int64 ... ok
test ffi::pdf_3d::tests::test_ffi_annotation ... ok
test ffi::pdf_3d::tests::test_ffi_format_string ... ok
test ffi::pdf_3d::tests::test_ffi_set_data ... ok
test ffi::pdf_3d::tests::test_ffi_view_properties ... ok
test ffi::pdf_3d::tests::test_ffi_views ... ok
test ffi::pdf_3d::tests::test_format_constants ... ok
test ffi::pdf_3d::tests::test_lighting_constants ... ok
test ffi::pdf_3d::tests::test_render_mode_constants ... ok
test ffi::pdf_3d::tests::test_view_3d ... ok
test ffi::pdf_clean::tests::test_clean_options_default ... ok
test ffi::pdf_clean::tests::test_clean_options_linearize ... ok
test ffi::output::tests::test_output_write_rune ... ok
test ffi::pdf_clean::tests::test_clean_options_optimize ... ok
test ffi::pdf_clean::tests::test_encryption_method ... ok
test ffi::pdf_clean::tests::test_ffi_can_save_incrementally ... ok
test ffi::pdf_clean::tests::test_ffi_default_options ... ok
test ffi::pdf_clean::tests::test_ffi_format_options ... ok
test ffi::pdf_clean::tests::test_ffi_has_unsaved_sigs ... ok
test ffi::pdf_clean::tests::test_ffi_parse_options ... ok
test ffi::pdf_clean::tests::test_ffi_remove_encryption ... ok
test ffi::pdf_clean::tests::test_ffi_set_encryption ... ok
test ffi::pdf_clean::tests::test_structure_option ... ok
test ffi::pdf_clean::tests::test_vectorize_option ... ok
test ffi::pdf_clean::tests::test_write_options_default ... ok
test ffi::pdf_clean::tests::test_write_options_format ... ok
test ffi::pdf_clean::tests::test_write_options_parse ... ok
test ffi::pdf_clean::tests::test_write_options_password ... ok
test ffi::pdf_cmap::tests::test_cmap_new ... ok
test ffi::pdf_cmap::tests::test_cmap_registry ... ok
test ffi::pdf_cmap::tests::test_cmap_size ... ok
test ffi::pdf_cmap::tests::test_cmap_sort ... ok
test ffi::pdf_cmap::tests::test_cmap_with_name ... ok
test ffi::pdf_cmap::tests::test_codespace ... ok
test ffi::pdf_cmap::tests::test_decode_single_byte ... ok
test ffi::pdf_cmap::tests::test_decode_two_byte ... ok
test ffi::pdf_cmap::tests::test_extended_range ... ok
test ffi::pdf_cmap::tests::test_ffi_builtin_cmap ... ok
test ffi::pdf_cmap::tests::test_ffi_codespace ... ok
test ffi::pdf_cmap::tests::test_ffi_decode ... ok
test ffi::pdf_cmap::tests::test_ffi_identity_cmap ... ok
test ffi::pdf_cmap::tests::test_ffi_lifecycle ... ok
test ffi::pdf_cmap::tests::test_ffi_properties ... ok
test ffi::pdf_cmap::tests::test_ffi_range_mapping ... ok
test ffi::pdf_cmap::tests::test_identity_cmap ... ok
test ffi::pdf_cmap::tests::test_one_to_many ... ok
test ffi::pdf_cmap::tests::test_range_mapping ... ok
test ffi::pdf_cmap::tests::test_writing_mode ... ok
test ffi::pdf_conformance::tests::test_conformance_validator ... ok
test ffi::pdf_conformance::tests::test_pdf_versions ... ok
test ffi::pdf_conformance::tests::test_pdfa_levels ... ok
test ffi::pdf_conformance::tests::test_pdfx_levels ... ok
test ffi::pdf_conformance::tests::test_validation_issue ... ok
test ffi::pdf_conformance::tests::test_validation_result ... ok
test ffi::pdf_conformance::tests::test_validator_config ... ok
test ffi::pdf_conformance::tests::test_validator_ffi ... ok
test ffi::pdf_conformance::tests::test_validator_reset ... ok
test ffi::pdf_event::tests::test_alert_button_constants ... ok
test ffi::pdf_event::tests::test_alert_button_group_constants ... ok
test ffi::pdf_event::tests::test_alert_event ... ok
test ffi::pdf_event::tests::test_alert_event_checkbox ... ok
test ffi::pdf_event::tests::test_alert_icon_constants ... ok
test ffi::pdf_event::tests::test_doc_event ... ok
test ffi::pdf_event::tests::test_event_handler ... ok
test ffi::pdf_event::tests::test_event_type_constants ... ok
test ffi::pdf_event::tests::test_ffi_alert_event ... ok
test ffi::pdf_event::tests::test_ffi_event_handler ... ok
test ffi::pdf_event::tests::test_ffi_launch_url ... ok
test ffi::pdf_event::tests::test_ffi_menu_item ... ok
test ffi::pdf_event::tests::test_launch_url_event ... ok
test ffi::pdf_event::tests::test_mail_doc_event ... ok
test ffi::pdf_font::tests::test_cid_to_gid ... ok
test ffi::pdf_font::tests::test_cid_to_unicode ... ok
test ffi::pdf_font::tests::test_clean_font_name ... ok
test ffi::pdf_font::tests::test_ffi_cid_mapping ... ok
test ffi::pdf_font::tests::test_ffi_lifecycle ... ok
test ffi::pdf_font::tests::test_ffi_load_font ... ok
test ffi::pdf_font::tests::test_ffi_metrics ... ok
test ffi::pdf_font::tests::test_ffi_properties ... ok
test ffi::pdf_font::tests::test_ffi_type3_font ... ok
test ffi::pdf_font::tests::test_ffi_wmode ... ok
test ffi::pdf_font::tests::test_font_desc_new ... ok
test ffi::pdf_font::tests::test_font_desc_with_name ... ok
test ffi::pdf_font::tests::test_font_flags ... ok
test ffi::pdf_font::tests::test_hail_mary_font ... ok
test ffi::pdf_font::tests::test_horizontal_metrics ... ok
test ffi::pdf_font::tests::test_substitute_font ... ok
test ffi::pdf_font::tests::test_vertical_metrics ... ok
test ffi::pdf_image_rewriter::tests::test_default_options ... ok
test ffi::pdf_image_rewriter::tests::test_ebook_quality ... ok
test ffi::pdf_image_rewriter::tests::test_ffi_analyze_images ... ok
test ffi::pdf_image_rewriter::tests::test_ffi_count_images ... ok
test ffi::pdf_image_rewriter::tests::test_ffi_default_options ... ok
test ffi::pdf_image_rewriter::tests::test_ffi_preset_options ... ok
test ffi::pdf_image_rewriter::tests::test_ffi_set_bitonal_subsample ... ok
test ffi::pdf_image_rewriter::tests::test_ffi_set_color_subsample ... ok
test ffi::pdf_image_rewriter::tests::test_ffi_set_gray_subsample ... ok
test ffi::pdf_image_rewriter::tests::test_ffi_set_recompress ... ok
test ffi::pdf_image_rewriter::tests::test_max_compression ... ok
test ffi::pdf_image_rewriter::tests::test_print_quality ... ok
test ffi::pdf_image_rewriter::tests::test_recompress_constants ... ok
test ffi::pdf_image_rewriter::tests::test_stats_compression_ratio ... ok
test ffi::pdf_image_rewriter::tests::test_stats_size_reduction ... ok
test ffi::pdf_image_rewriter::tests::test_stats_zero_handling ... ok
test ffi::pdf_image_rewriter::tests::test_subsample_constants ... ok
test ffi::pdf_image_rewriter::tests::test_web_optimized ... ok
test ffi::pdf_interpret::tests::test_buffer_processor ... ok
test ffi::pdf_interpret::tests::test_color_ops ... ok
test ffi::pdf_interpret::tests::test_ctm ... ok
test ffi::pdf_interpret::tests::test_graphics_state_ops ... ok
test ffi::pdf_interpret::tests::test_gstate_stack ... ok
test ffi::pdf_interpret::tests::test_keep_drop ... ok
test ffi::pdf_interpret::tests::test_marked_content ... ok
test ffi::pdf_interpret::tests::test_path_ops ... ok
test ffi::pdf_interpret::tests::test_processor_close_reset ... ok
test ffi::pdf_interpret::tests::test_processor_creation ... ok
test ffi::pdf_interpret::tests::test_resource_stack ... ok
test ffi::pdf_interpret::tests::test_run_processor ... ok
test ffi::pdf_interpret::tests::test_sanitize_filter ... ok
test ffi::pdf_interpret::tests::test_text_ops ... ok
test ffi::pdf_javascript::tests::test_console_log ... ok
test ffi::pdf_javascript::tests::test_enable_disable_js ... ok
test ffi::pdf_javascript::tests::test_event_init_result ... ok
test ffi::pdf_javascript::tests::test_event_result_validate ... ok
test ffi::pdf_javascript::tests::test_event_set_rc ... ok
test ffi::pdf_javascript::tests::test_execute_simple ... ok
test ffi::pdf_javascript::tests::test_execute_variable ... ok
test ffi::pdf_javascript::tests::test_get_js_context ... ok
test ffi::pdf_javascript::tests::test_globals ... ok
test ffi::pdf_javascript::tests::test_js_disabled ... ok
test ffi::pdf_javascript::tests::test_null_handling ... ok
test ffi::pdf_javascript::tests::test_register_script ... ok
test ffi::pdf_layer::tests::test_add_config ... ok
test ffi::pdf_layer::tests::test_add_layer ... ok
test ffi::pdf_layer::tests::test_add_ui_element ... ok
test ffi::pdf_layer::tests::test_enable_disable_layer ... ok
test ffi::pdf_layer::tests::test_ffi_count_layers ... ok
test ffi::pdf_layer::tests::test_ffi_layer_config ... ok
test ffi::pdf_layer::tests::test_ffi_layer_enable_disable ... ok
test ffi::pdf_layer::tests::test_ffi_ui_toggle ... ok
test ffi::pdf_layer::tests::test_locked_ui ... ok
test ffi::pdf_layer::tests::test_ocg_descriptor_new ... ok
test ffi::pdf_layer::tests::test_select_config ... ok
test ffi::pdf_layer::tests::test_toggle_ui ... ok
test ffi::pdf_layer::tests::test_ui_type_conversion ... ok
test ffi::pdf_name_table::tests::test_colorspace_names ... ok
test ffi::pdf_name_table::tests::test_ffi_get_interned ... ok
test ffi::pdf_name_table::tests::test_ffi_intern ... ok
test ffi::pdf_name_table::tests::test_ffi_lookup ... ok
test ffi::pdf_name_table::tests::test_ffi_name_eq ... ok
test ffi::pdf_name_table::tests::test_ffi_name_eq_str ... ok
test ffi::pdf_name_table::tests::test_ffi_std_names ... ok
test ffi::pdf_name_table::tests::test_ffi_table_count ... ok
test ffi::pdf_name_table::tests::test_filter_names ... ok
test ffi::pdf_name_table::tests::test_null_handling ... ok
test ffi::pdf_name_table::tests::test_standard_names ... ok
test ffi::pdf_object::arena::tests::test_arena_all_types ... ok
test ffi::pdf_object::arena::tests::test_arena_alloc_int ... ok
test ffi::pdf_object::arena::tests::test_arena_alloc_null ... ok
test ffi::pdf_object::arena::tests::test_arena_clear ... ok
test ffi::pdf_object::arena::tests::test_arena_alloc_many ... ok
test ffi::pdf_object::arena::tests::test_arena_compact ... ok
test ffi::pdf_object::arena::tests::test_arena_create_drop ... ok
test ffi::pdf_object::arena::tests::test_arena_custom_chunk_size ... ok
test ffi::pdf_object::arena::tests::test_arena_free ... ok
test ffi::pdf_object::arena::tests::test_arena_handle_encoding ... ok
test ffi::pdf_object::arena::tests::test_is_arena_handle ... ok
test ffi::pdf_object::dict::tests::test_pdf_dict_dels ... ok
test ffi::pdf_object::dict::tests::test_pdf_dict_dels_null_key ... ok
test ffi::pdf_object::dict::tests::test_pdf_dict_get ... ok
test ffi::pdf_object::dict::tests::test_pdf_dict_get_invalid_key ... ok
test ffi::pdf_object::dict::tests::test_pdf_dict_gets_null_key ... ok
test ffi::pdf_object::dict::tests::test_pdf_dict_len ... ok
test ffi::pdf_object::dict::tests::test_pdf_dict_multiple_keys ... ok
test ffi::pdf_object::dict::tests::test_pdf_dict_put ... ok
test ffi::pdf_object::dict::tests::test_pdf_dict_put_bool ... ok
test ffi::pdf_object::dict::tests::test_pdf_dict_put_int ... ok
test ffi::pdf_object::dict::tests::test_pdf_dict_put_invalid_key ... ok
test ffi::pdf_object::dict::tests::test_pdf_dict_put_name ... ok
test ffi::pdf_object::dict::tests::test_pdf_dict_put_name_invalid_key ... ok
test ffi::pdf_object::dict::tests::test_pdf_dict_put_name_null ... ok
test ffi::pdf_object::dict::tests::test_pdf_dict_put_real ... ok
test ffi::pdf_object::dict::tests::test_pdf_dict_put_string ... ok
test ffi::pdf_object::dict::tests::test_pdf_dict_put_string_invalid_key ... ok
test ffi::pdf_object::dict::tests::test_pdf_dict_put_string_null ... ok
test ffi::pdf_object::dict::tests::test_pdf_dict_puts_and_gets ... ok
test ffi::pdf_object::dict::tests::test_pdf_dict_puts_null_key ... ok
test ffi::pdf_object::dict::tests::test_pdf_dict_update_existing_key ... ok
test ffi::pdf_object::string::tests::test_pdf_to_str_buf ... ok
test ffi::pdf_object::string::tests::test_pdf_to_str_buf_invalid ... ok
test ffi::pdf_object::string::tests::test_pdf_to_str_len ... ok
test ffi::pdf_object::string::tests::test_pdf_to_str_len_empty_string ... ok
test ffi::pdf_object::string::tests::test_pdf_to_str_len_invalid ... ok
test ffi::pdf_object::string::tests::test_pdf_to_string_invalid_obj ... ok
test ffi::pdf_object::string::tests::test_pdf_to_string_null_sizep ... ok
test ffi::pdf_object::string::tests::test_pdf_to_string_valid ... ok
test ffi::pdf_object::tests::test_pdf_array_operations ... ok
test ffi::pdf_object::tests::test_pdf_array_put_insert ... ok
test ffi::pdf_object::tests::test_pdf_copy_array ... ok
test ffi::pdf_object::tests::test_pdf_copy_dict ... ok
test ffi::pdf_object::tests::test_pdf_deep_copy_obj ... ok
test ffi::pdf_object::tests::test_pdf_dict_get_key_val ... ok
test ffi::pdf_object::tests::test_pdf_dict_operations ... ok
test ffi::pdf_object::tests::test_pdf_dict_put_typed ... ok
test ffi::pdf_object::tests::test_pdf_dirty_obj ... ok
test ffi::pdf_object::tests::test_pdf_is_number ... ok
test ffi::pdf_object::tests::test_pdf_keep_drop_obj ... ok
test ffi::pdf_object::tests::test_pdf_keep_invalid_handle ... ok
test ffi::pdf_object::tests::test_pdf_mark_obj ... ok
test ffi::pdf_object::tests::test_pdf_name_eq ... ok
test ffi::pdf_object::tests::test_pdf_new_bool ... ok
test ffi::pdf_object::tests::test_pdf_new_date ... ok
test ffi::pdf_object::tests::test_pdf_new_indirect ... ok
test ffi::pdf_object::tests::test_pdf_new_int ... ok
test ffi::pdf_object::tests::test_pdf_new_matrix ... ok
test ffi::pdf_object::tests::test_pdf_new_name ... ok
test ffi::pdf_object::tests::test_pdf_new_null ... ok
test ffi::pdf_object::tests::test_pdf_new_point ... ok
test ffi::pdf_object::tests::test_pdf_new_real ... ok
test ffi::pdf_object::tests::test_pdf_new_rect ... ok
test ffi::pdf_object::tests::test_pdf_new_string ... ok
test ffi::pdf_object::tests::test_pdf_new_text_string ... ok
test ffi::pdf_object::tests::test_pdf_obj_parent ... ok
test ffi::pdf_object::tests::test_pdf_objcmp ... ok
test ffi::pdf_object::tests::test_pdf_to_bool_default ... ok
test ffi::pdf_object::tests::test_pdf_to_int_default ... ok
test ffi::pdf_object::tests::test_pdf_to_name ... ok
test ffi::pdf_object::tests::test_pdf_to_real_default ... ok
test ffi::pdf_page::tests::test_box_type_conversion ... ok
test ffi::pdf_page::tests::test_count_pages ... ok
test ffi::pdf_page::tests::test_page_bounds ... ok
test ffi::pdf_page::tests::test_page_creation ... ok
test ffi::pdf_page::tests::test_page_keep_drop ... ok
test ffi::pdf_page::tests::test_page_properties ... ok
test ffi::pdf_page::tests::test_page_rotation_transform ... ok
test ffi::pdf_page::tests::test_page_set_box ... ok
test ffi::pdf_page::tests::test_page_transform ... ok
test ffi::pdf_page::tests::test_run_page ... ok
test ffi::pdf_parse::tests::test_ffi_lexbuf ... ok
test ffi::pdf_parse::tests::test_lex_delimiters ... ok
test ffi::pdf_parse::tests::test_lex_hex_strings ... ok
test ffi::pdf_parse::tests::test_lex_integers ... ok
test ffi::pdf_parse::tests::test_lex_keywords ... ok
test ffi::pdf_parse::tests::test_lex_names ... ok
test ffi::pdf_parse::tests::test_lex_reals ... ok
test ffi::pdf_parse::tests::test_lex_strings ... ok
test ffi::pdf_parse::tests::test_lexbuf_creation ... ok
test ffi::pdf_parse::tests::test_lexbuf_grow ... ok
test ffi::pdf_parse::tests::test_octal_escape ... ok
test ffi::pdf_parse::tests::test_parse_array ... ok
test ffi::pdf_parse::tests::test_parse_dict ... ok
test ffi::pdf_parse::tests::test_parse_indirect_obj ... ok
test ffi::pdf_parse::tests::test_reference ... ok
test ffi::pdf_parse::tests::test_skip_comments ... ok
test ffi::pdf_parse::tests::test_token_conversion ... ok
test ffi::pdf_portfolio::tests::test_af_relationship_constants ... ok
test ffi::pdf_portfolio::tests::test_collection_view_constants ... ok
test ffi::pdf_portfolio::tests::test_embedded_file ... ok
test ffi::pdf_portfolio::tests::test_ffi_add_file ... ok
test ffi::pdf_portfolio::tests::test_ffi_af_relationship_string ... ok
test ffi::pdf_portfolio::tests::test_ffi_get_file ... ok
test ffi::pdf_portfolio::tests::test_ffi_portfolio ... ok
test ffi::pdf_portfolio::tests::test_ffi_schema ... ok
test ffi::pdf_portfolio::tests::test_ffi_view_settings ... ok
test ffi::pdf_portfolio::tests::test_ffi_view_string ... ok
test ffi::pdf_portfolio::tests::test_filespec_params ... ok
test ffi::pdf_portfolio::tests::test_portfolio ... ok
test ffi::pdf_portfolio::tests::test_schema_field ... ok
test ffi::pdf_recolor::tests::test_cmyk_to_rgb ... ok
test ffi::pdf_recolor::tests::test_convert_color_gray_to_rgb ... ok
test ffi::pdf_recolor::tests::test_convert_color_rgb_to_gray ... ok
test ffi::pdf_recolor::tests::test_convert_color_same ... ok
test ffi::pdf_recolor::tests::test_ffi_options ... ok
test ffi::pdf_recolor::tests::test_ffi_options_valid ... ok
test ffi::pdf_recolor::tests::test_ffi_shade_context ... ok
test ffi::pdf_recolor::tests::test_gray_to_rgb ... ok
test ffi::pdf_recolor::tests::test_recolor_constants ... ok
test ffi::pdf_recolor::tests::test_recolor_options_cmyk ... ok
test ffi::pdf_recolor::tests::test_recolor_options_gray ... ok
test ffi::pdf_recolor::tests::test_recolor_options_invalid ... ok
test ffi::pdf_recolor::tests::test_recolor_options_rgb ... ok
test ffi::pdf_recolor::tests::test_recolor_stats ... ok
test ffi::pdf_recolor::tests::test_recolor_vertex ... ok
test ffi::pdf_recolor::tests::test_rgb_to_cmyk ... ok
test ffi::pdf_recolor::tests::test_rgb_to_gray ... ok
test ffi::pdf_recolor::tests::test_shade_recolor_context ... ok
test ffi::pdf_redact::tests::test_ffi_default_options ... ok
test ffi::pdf_redact::tests::test_ffi_redact_context ... ok
test ffi::pdf_redact::tests::test_ffi_set_options ... ok
test ffi::pdf_redact::tests::test_image_method_constants ... ok
test ffi::pdf_redact::tests::test_line_art_constants ... ok
test ffi::pdf_redact::tests::test_redact_context ... ok
test ffi::pdf_redact::tests::test_redact_context_apply ... ok
test ffi::pdf_redact::tests::test_redact_options_default ... ok
test ffi::pdf_redact::tests::test_redact_options_ocr ... ok
test ffi::pdf_redact::tests::test_redact_options_secure ... ok
test ffi::pdf_redact::tests::test_redact_region ... ok
test ffi::pdf_redact::tests::test_redact_region_with_color ... ok
test ffi::pdf_redact::tests::test_redact_region_with_overlay ... ok
test ffi::pdf_redact::tests::test_redact_stats ... ok
test ffi::pdf_redact::tests::test_text_constants ... ok
test ffi::pdf_resource::tests::test_colorspace_resource_key ... ok
test ffi::pdf_resource::tests::test_ffi_colorspace_resource ... ok
test ffi::pdf_resource::tests::test_ffi_empty_store ... ok
test ffi::pdf_resource::tests::test_ffi_font_resource ... ok
test ffi::pdf_resource::tests::test_ffi_function ... ok
test ffi::pdf_resource::tests::test_ffi_pattern ... ok
test ffi::pdf_resource::tests::test_ffi_resource_stack ... ok
test ffi::pdf_resource::tests::test_font_resource_key ... ok
test ffi::pdf_resource::tests::test_function_exponential ... ok
test ffi::pdf_resource::tests::test_function_new ... ok
test ffi::pdf_resource::tests::test_pattern_new ... ok
test ffi::pdf_resource::tests::test_resource_stack ... ok
test ffi::pdf_resource::tests::test_resource_tables ... ok
test ffi::pdf_signature::tests::test_byte_range ... ok
test ffi::pdf_signature::tests::test_distinguished_name ... ok
test ffi::pdf_signature::tests::test_dn_components ... ok
test ffi::pdf_signature::tests::test_ffi_add_signature ... ok
test ffi::pdf_signature::tests::test_ffi_signature_error_description ... ok
test ffi::pdf_signature::tests::test_ffi_signature_info_format ... ok
test ffi::pdf_signature::tests::test_ffi_signer_lifecycle ... ok
test ffi::pdf_signature::tests::test_ffi_verifier_lifecycle ... ok
test ffi::pdf_signature::tests::test_pkcs7_signer ... ok
test ffi::pdf_signature::tests::test_pkcs7_verifier ... ok
test ffi::pdf_signature::tests::test_signature_error_types ... ok
test ffi::pdf_signature::tests::test_signature_info ... ok
test ffi::pdf_xref::tests::test_ffi_create_object ... ok
test ffi::pdf_xref::tests::test_ffi_entry_type_string ... ok
test ffi::pdf_xref::tests::test_ffi_marks ... ok
test ffi::pdf_xref::tests::test_ffi_stream ... ok
test ffi::pdf_xref::tests::test_ffi_trailer ... ok
test ffi::pdf_xref::tests::test_ffi_xref ... ok
test ffi::pdf_xref::tests::test_ffi_xref_entry ... ok
test ffi::pdf_xref::tests::test_xref ... ok
test ffi::pdf_xref::tests::test_xref_create_delete ... ok
test ffi::pdf_xref::tests::test_xref_entry ... ok
test ffi::pdf_xref::tests::test_xref_entry_constants ... ok
test ffi::pdf_xref::tests::test_xref_subsection ... ok
test ffi::pdf_zugferd::tests::test_facturx_aliases ... ok
test ffi::pdf_zugferd::tests::test_ffi_context ... ok
test ffi::pdf_zugferd::tests::test_ffi_embed ... ok
test ffi::pdf_zugferd::tests::test_ffi_profile_detection ... ok
test ffi::pdf_zugferd::tests::test_ffi_profile_to_string ... ok
test ffi::pdf_zugferd::tests::test_ffi_standard_filename ... ok
test ffi::pdf_zugferd::tests::test_ffi_utility ... ok
test ffi::pdf_zugferd::tests::test_ffi_validation ... ok
test ffi::pdf_zugferd::tests::test_ffi_xml_handling ... ok
test ffi::pdf_zugferd::tests::test_invoice_data ... ok
test ffi::pdf_zugferd::tests::test_profile_constants ... ok
test ffi::pdf_zugferd::tests::test_zugferd_info ... ok
test ffi::pixmap::tests::test_clone_pixmap ... ok
test ffi::pixmap::tests::test_clone_pixmap_invalid ... ok
test ffi::pixmap::tests::test_convert_color_gray_to_rgb ... ok
test ffi::pixmap::tests::test_convert_color_rgb_to_gray ... ok
test ffi::pixmap::tests::test_convert_color_same_space ... ok
test ffi::pixmap::tests::test_convert_pixmap_gray_to_rgb ... ok
test ffi::pixmap::tests::test_convert_pixmap_invalid ... ok
test ffi::pixmap::tests::test_convert_pixmap_rgb_to_gray ... ok
test ffi::pixmap::tests::test_convert_pixmap_with_alpha ... ok
test ffi::pixmap::tests::test_pixmap_bbox ... ok
test ffi::pixmap::tests::test_pixmap_clear ... ok
test ffi::pixmap::tests::test_pixmap_colorspace ... ok
test ffi::pixmap::tests::test_pixmap_create ... ok
test ffi::pixmap::tests::test_pixmap_create_gray ... ok
test ffi::pixmap::tests::test_pixmap_gamma ... ok
test ffi::pixmap::tests::test_pixmap_internal_clear ... ok
test ffi::pixmap::tests::test_pixmap_internal_get_set_sample ... ok
test ffi::pixmap::tests::test_pixmap_internal_new ... ok
test ffi::pixmap::tests::test_pixmap_invalid_handle ... ok
test ffi::pixmap::tests::test_pixmap_invert ... ok
test ffi::pixmap::tests::test_pixmap_keep ... ok
test ffi::pixmap::tests::test_pixmap_resolution ... ok
test ffi::pixmap::tests::test_pixmap_sample_bounds ... ok
test ffi::pixmap::tests::test_pixmap_samples_invalid_handle ... ok
test ffi::pixmap::tests::test_pixmap_samples_returns_pointer ... ok
test ffi::pixmap::tests::test_pixmap_set_get_sample ... ok
test ffi::pixmap::tests::test_pixmap_stride ... ok
test ffi::pixmap::tests::test_pixmap_stride_with_alpha ... ok
test ffi::pixmap::tests::test_pixmap_x_y ... ok
test ffi::pixmap::tests::test_set_pixmap_resolution ... ok
test ffi::pixmap::tests::test_tint_pixmap ... ok
test ffi::pixmap::tests::test_tint_pixmap_non_gray ... ok
test ffi::pool::tests::test_create_pool ... ok
test ffi::pool::tests::test_named_pool ... ok
test ffi::pool::tests::test_pool_aligned_alloc ... ok
test ffi::pool::tests::test_pool_alloc ... ok
test ffi::pool::tests::test_pool_calloc ... ok
test ffi::pool::tests::test_pool_fragmentation ... ok
test ffi::pool::tests::test_pool_reset ... ok
test ffi::pool::tests::test_pool_shrink ... ok
test ffi::pool::tests::test_pool_strdup ... ok
test ffi::safe_helpers::tests::test_c_str_to_str ... ok
test ffi::safe_helpers::tests::test_copy_from_ptr ... ok
test ffi::safe_helpers::tests::test_copy_to_ptr ... ok
test ffi::safe_helpers::tests::test_str_to_c_buffer ... ok
test ffi::safe_helpers::tests::test_str_to_c_buffer_truncation ... ok
test ffi::safe_helpers::tests::test_validate_color ... ok
test ffi::safe_helpers::tests::test_validate_color_components ... ok
test ffi::safe_helpers::tests::test_write_ptr ... ok
test ffi::separation::tests::test_add_separation ... ok
test ffi::separation::tests::test_bulk_behavior_changes ... ok
test ffi::separation::tests::test_clone_separations ... ok
test ffi::separation::tests::test_cmyk_equivalent ... ok
test ffi::separation::tests::test_new_separations ... ok
test ffi::separation::tests::test_non_controllable ... ok
test ffi::separation::tests::test_separation_behavior ... ok
test ffi::separation::tests::test_special_separations ... ok
test ffi::shade::tests::test_background ... ok
test ffi::shade::tests::test_bounding_box ... ok
test ffi::shade::tests::test_color_stops ... ok
test ffi::shade::tests::test_invalid_mesh_type ... ok
test ffi::shade::tests::test_linear_gradient_creation ... ok
test ffi::shade::tests::test_mesh_shade ... ok
test ffi::shade::tests::test_radial_gradient_creation ... ok
test ffi::simd_util::tests::test_base64_decode ... ok
test ffi::simd_util::tests::test_base64_encode ... ok
test ffi::simd_util::tests::test_base64_roundtrip ... ok
test ffi::simd_util::tests::test_buffer_copy ... ok
test ffi::simd_util::tests::test_buffer_equal ... ok
test ffi::simd_util::tests::test_buffer_fill ... ok
test ffi::simd_util::tests::test_cmyk_to_rgb ... ok
test ffi::simd_util::tests::test_ffi_cmyk_to_rgb ... ok
test ffi::simd_util::tests::test_ffi_has_simd ... ok
test ffi::simd_util::tests::test_ffi_rgb_to_cmyk ... ok
test ffi::simd_util::tests::test_ffi_simd_level ... ok
test ffi::simd_util::tests::test_matrix_concat ... ok
test ffi::simd_util::tests::test_matrix_concat_scalar ... ok
test ffi::simd_util::tests::test_rgb_to_cmyk ... ok
test ffi::simd_util::tests::test_rgb_to_gray ... ok
test ffi::simd_util::tests::test_simd_features ... ok
test ffi::simd_util::tests::test_transform_point ... ok
test ffi::simd_util::tests::test_transform_points_batch ... ok
test ffi::stext::tests::test_stext_add_content ... ok
test ffi::stext::tests::test_stext_html_output ... ok
test ffi::stext::tests::test_stext_json_output ... ok
test ffi::stext::tests::test_stext_options ... ok
test ffi::stext::tests::test_stext_page_create ... ok
test ffi::stext::tests::test_stext_selection ... ok
test ffi::stext::tests::test_stext_text_extraction ... ok
test ffi::stext::tests::test_stext_search ... ok
test ffi::store::tests::test_non_evictable ... ok
test ffi::store::tests::test_hit_rate ... ok
test ffi::store::tests::test_store_clear ... ok
test ffi::store::tests::test_store_eviction ... ok
test ffi::store::tests::test_store_find ... ok
test ffi::store::tests::test_store_miss ... ok
test ffi::store::tests::test_store_item ... ok
test ffi::store::tests::test_store_remove ... ok
test ffi::store::tests::test_store_type_tracking ... ok
test ffi::story::tests::test_empty_story ... ok
test ffi::story::tests::test_place_story_flags_overflow ... ok
test ffi::story::tests::test_story_creation ... ok
test ffi::story::tests::test_story_document ... ok
test ffi::story::tests::test_story_em ... ok
test ffi::story::tests::test_story_is_complete ... ok
test ffi::story::tests::test_story_place ... ok
test ffi::story::tests::test_story_place_partial ... ok
test ffi::story::tests::test_story_positions_callback ... ok
test ffi::story::tests::test_story_reset ... ok
test ffi::story::tests::test_story_warnings_empty ... ok
test ffi::story::tests::test_story_with_css ... ok
test ffi::story::tests::test_story_with_headings ... ok
test ffi::stream::tests::test_fz_open_buffer_invalid ... ok
test ffi::stream::tests::test_fz_open_file_null ... ok
test ffi::stream::tests::test_fz_open_memory_empty ... ok
test ffi::stream::tests::test_fz_read_null_data ... ok
test ffi::stream::tests::test_fz_read_uint32_incomplete ... ok
test ffi::stream::tests::test_fz_read_uint32_le_incomplete ... ok
test ffi::stream::tests::test_fz_read_uint_incomplete ... ok
test ffi::stream::tests::test_fz_read_uint_le_incomplete ... ok
test ffi::stream::tests::test_fz_read_zero_len ... ok
test ffi::stream::tests::test_fz_seek_invalid_handle ... ok
test ffi::stream::tests::test_stream_default ... ok
test ffi::stream::tests::test_stream_eof ... ok
test ffi::stream::tests::test_stream_from_memory ... ok
test ffi::stream::tests::test_stream_internal_from_memory ... ok
test ffi::stream::tests::test_stream_internal_is_eof ... ok
test ffi::stream::tests::test_stream_internal_new ... ok
test ffi::stream::tests::test_stream_internal_peek_byte ... ok
test ffi::stream::tests::test_stream_internal_read ... ok
test ffi::stream::tests::test_stream_internal_read_byte ... ok
test ffi::stream::tests::test_stream_internal_read_empty ... ok
test ffi::stream::tests::test_stream_internal_seek_cur ... ok
test ffi::stream::tests::test_stream_internal_seek_end ... ok
test ffi::stream::tests::test_stream_internal_seek_invalid_whence ... ok
test ffi::stream::tests::test_stream_internal_seek_set ... ok
test ffi::stream::tests::test_stream_invalid_handle ... ok
test ffi::stream::tests::test_stream_keep ... ok
test ffi::stream::tests::test_stream_peek_byte ... ok
test ffi::stream::tests::test_stream_read_multiple ... ok
test ffi::stream::tests::test_stream_read_uint16 ... ok
test ffi::stream::tests::test_stream_read_uint16_le ... ok
test ffi::stream::tests::test_stream_read_uint32 ... ok
test ffi::stream::tests::test_stream_read_uint32_le ... ok
test ffi::stream::tests::test_stream_seek_modes ... ok
test ffi::string_util::tests::test_bidi_detection ... ok
test ffi::string_util::tests::test_casefold ... ok
test ffi::string_util::tests::test_char_byte_offset ... ok
test ffi::string_util::tests::test_char_count ... ok
test ffi::string_util::tests::test_normalize_ligatures ... ok
test ffi::string_util::tests::test_script_detection ... ok
test ffi::string_util::tests::test_strcoll ... ok
test ffi::string_util::tests::test_word_breaks ... ok
test ffi::struct_layout::tests::test_cache_aligned ... ok
test ffi::struct_layout::tests::test_cache_line_color ... ok
test ffi::struct_layout::tests::test_cache_padding ... ok
test ffi::struct_layout::tests::test_ffi_cache_line_size ... ok
test ffi::struct_layout::tests::test_ffi_fits_in_cache_lines ... ok
test ffi::struct_layout::tests::test_ffi_is_cache_aligned ... ok
test ffi::struct_layout::tests::test_ffi_layout_matrix ... ok
test ffi::struct_layout::tests::test_ffi_layout_point ... ok
test ffi::struct_layout::tests::test_ffi_layout_rect ... ok
test ffi::struct_layout::tests::test_layout_info ... ok
test ffi::struct_layout::tests::test_packed_matrix ... ok
test ffi::struct_layout::tests::test_packed_matrix_concat ... ok
test ffi::struct_layout::tests::test_packed_point ... ok
test ffi::struct_layout::tests::test_packed_quad ... ok
test ffi::struct_layout::tests::test_packed_rect ... ok
test ffi::struct_layout::tests::test_padded ... ok
test ffi::struct_layout::tests::test_round_to_cache_line ... ok
test ffi::struct_layout::tests::test_round_to_page ... ok
test ffi::svg::tests::test_element_type_constants ... ok
test ffi::svg::tests::test_ffi_document ... ok
test ffi::svg::tests::test_ffi_element ... ok
test ffi::svg::tests::test_ffi_element_type_name ... ok
test ffi::svg::tests::test_ffi_parse_color ... ok
test ffi::svg::tests::test_ffi_path_command_name ... ok
test ffi::svg::tests::test_ffi_path_commands ... ok
test ffi::svg::tests::test_ffi_style ... ok
test ffi::svg::tests::test_ffi_transform ... ok
test ffi::svg::tests::test_path_command_constants ... ok
test ffi::svg::tests::test_svg_color ... ok
test ffi::svg::tests::test_svg_document ... ok
test ffi::svg::tests::test_svg_element ... ok
test ffi::svg::tests::test_svg_transform ... ok
test ffi::svg::tests::test_text_format_constants ... ok
test ffi::table_detect::tests::test_detector_ffi ... ok
test ffi::table_detect::tests::test_table_cell ... ok
test ffi::table_detect::tests::test_table_detection ... ok
test ffi::table_detect::tests::test_table_detector_config ... ok
test ffi::table_detect::tests::test_table_ffi ... ok
test ffi::table_detect::tests::test_table_row ... ok
test ffi::table_detect::tests::test_table_structure ... ok
test ffi::table_detect::tests::test_table_to_csv ... ok
test ffi::table_detect::tests::test_table_to_html ... ok
test ffi::table_detect::tests::test_table_to_markdown ... ok
test ffi::text::tests::test_bound_text ... ok
test ffi::text::tests::test_clear_text ... ok
test ffi::text::tests::test_clone_text ... ok
test ffi::text::tests::test_count_items ... ok
test ffi::text::tests::test_count_spans ... ok
test ffi::text::tests::test_keep_text ... ok
test ffi::text::tests::test_new_text ... ok
test ffi::text::tests::test_set_text_language ... ok
test ffi::text::tests::test_show_string ... ok
test ffi::text::tests::test_text_language ... ok
test ffi::tile_render::tests::test_pending_tiles ... ok
test ffi::tile_render::tests::test_render_task ... ok
test ffi::tile_render::tests::test_scaled_tiles ... ok
test ffi::tile_render::tests::test_tile_completion ... ok
test ffi::tile_render::tests::test_tile_config_default ... ok
test ffi::tile_render::tests::test_tile_grid_calculation ... ok
test ffi::tile_render::tests::test_tile_renderer_creation ... ok
test ffi::tile_render::tests::test_tile_renderer_ffi ... ok
test ffi::transition::tests::test_all_transition_types ... ok
test ffi::transition::tests::test_blinds_transition ... ok
test ffi::transition::tests::test_box_transition ... ok
test ffi::transition::tests::test_cover_transition ... ok
test ffi::transition::tests::test_dissolve_transition ... ok
test ffi::transition::tests::test_fade_transition ... ok
test ffi::transition::tests::test_fly_transition ... ok
test ffi::transition::tests::test_generate_transition_frame_fade ... ok
test ffi::transition::tests::test_generate_transition_frame_none ... ok
test ffi::transition::tests::test_glitter_transition ... ok
test ffi::transition::tests::test_new_transition ... ok
test ffi::transition::tests::test_push_transition ... ok
test ffi::transition::tests::test_set_direction ... ok
test ffi::transition::tests::test_set_duration ... ok
test ffi::transition::tests::test_split_transition ... ok
test ffi::transition::tests::test_transition_type_from_i32 ... ok
test ffi::transition::tests::test_transition_type_name ... ok
test ffi::transition::tests::test_uncover_transition ... ok
test ffi::transition::tests::test_wipe_transition ... ok
test ffi::tree::tests::test_add_nodes ... ok
test ffi::tree::tests::test_create_tree ... ok
test ffi::tree::tests::test_find_by_id ... ok
test ffi::tree::tests::test_node_properties ... ok
test ffi::util::tests::test_atof ... ok
test ffi::util::tests::test_atoi ... ok
test ffi::util::tests::test_basename ... ok
test ffi::util::tests::test_cleanname ... ok
test ffi::util::tests::test_dirname ... ok
test ffi::util::tests::test_format_output_path ... ok
test ffi::util::tests::test_is_page_range ... ok
test ffi::util::tests::test_memmem ... ok
test ffi::util::tests::test_runetochar ... ok
test ffi::util::tests::test_strcasecmp ... ok
test ffi::util::tests::test_strdup ... ok
test ffi::util::tests::test_strlcat ... ok
test ffi::util::tests::test_strlcpy ... ok
test ffi::util::tests::test_strnlen ... ok
test ffi::util::tests::test_strstr ... ok
test ffi::util::tests::test_strstrcase ... ok
test ffi::util::tests::test_strverscmp ... ok
test ffi::util::tests::test_tolower_toupper ... ok
test ffi::util::tests::test_url_encode_decode ... ok
test ffi::util::tests::test_utf8_functions ... ok
test ffi::write_pixmap::tests::test_grayscale_conversion ... ok
test ffi::write_pixmap::tests::test_helper_functions ... ok
test ffi::write_pixmap::tests::test_invalid_pixmap ... ok
test ffi::write_pixmap::tests::test_jpeg_buffer ... ok
test ffi::write_pixmap::tests::test_null_filename ... ok
test ffi::write_pixmap::tests::test_pam_buffer ... ok
test ffi::write_pixmap::tests::test_pbm_buffer ... ok
test ffi::write_pixmap::tests::test_pkm_buffer ... ok
test ffi::write_pixmap::tests::test_png_buffer ... ok
test ffi::write_pixmap::tests::test_pnm_buffer ... ok
test ffi::write_pixmap::tests::test_psd_buffer ... ok
test ffi::writer::tests::test_all_format_writers ... ok
test ffi::writer::tests::test_copy_option ... ok
test ffi::writer::tests::test_option_eq ... ok
test ffi::writer::tests::test_new_document_writer ... ok
test ffi::writer::tests::test_pdf_writer ... ok
test ffi::writer::tests::test_png_writer ... ok
test ffi::writer::tests::test_svg_writer ... ok
test ffi::writer::tests::test_text_writer ... ok
test ffi::writer::tests::test_writer_format_extension ... ok
test ffi::writer::tests::test_writer_format_from_str ... ok
test ffi::writer::tests::test_writer_format_multipage ... ok
test ffi::writer::tests::test_writer_is_closed ... ok
test ffi::writer::tests::test_writer_options_has ... ok
test ffi::writer::tests::test_writer_options_parse ... ok
test ffi::writer::tests::test_writer_page_count ... ok
test ffi::xml::tests::test_parse_simple_xml ... ok
test ffi::xml::tests::test_xml_attributes ... ok
test ffi::xml::tests::test_xml_find ... ok
test ffi::xml::tests::test_xml_navigation ... ok
test ffi::xps::tests::test_content_type_constants ... ok
test ffi::xps::tests::test_ffi_content_type_string ... ok
test ffi::xps::tests::test_ffi_document ... ok
test ffi::xps::tests::test_ffi_parts ... ok
test ffi::xps::tests::test_ffi_resolve_url ... ok
test ffi::xps::tests::test_ffi_targets ... ok
test ffi::xps::tests::test_xps_document ... ok
test ffi::xps::tests::test_xps_fixed_document ... ok
test ffi::xps::tests::test_xps_fixed_page ... ok
test ffi::xps::tests::test_xps_part ... ok
test fitz::archive::tests::test_archive_entry ... ok
test fitz::archive::tests::test_archive_format_name ... ok
test fitz::archive::tests::test_detect_unknown_format ... ok
test fitz::archive::tests::test_detect_zip_format ... ok
test fitz::archive::tests::test_from_buffer_unknown ... ok
test fitz::archive::tests::test_from_buffer_zip ... ok
test fitz::archive::tests::test_directory_archive_count_entries_fails ... ok
test fitz::archive::tests::test_directory_archive_list_entry_fails ... ok
test fitz::archive::tests::test_open_invalid_directory ... ok
test fitz::archive::tests::test_directory_archive_read_nonexistent ... ok
test fitz::buffer::core::tests::test_buffer_append ... ok
test fitz::buffer::core::tests::test_buffer_base64 ... ok
test fitz::buffer::core::tests::test_buffer_clear ... ok
test fitz::buffer::core::tests::test_buffer_from_data ... ok
test fitz::buffer::core::tests::test_buffer_integers ... ok
test fitz::buffer::core::tests::test_buffer_md5 ... ok
test fitz::buffer::core::tests::test_buffer_new ... ok
test fitz::archive::tests::test_is_directory ... ok
test fitz::buffer::core::tests::test_buffer_pdf_string ... ok
test fitz::buffer::core::tests::test_buffer_resize ... ok
test fitz::archive::tests::test_archive_entry_names ... ok
test fitz::archive::tests::test_directory_archive ... ok
test fitz::buffer::core::tests::test_buffer_slice ... ok
test fitz::buffer::core::tests::test_buffer_split_at ... ok
test fitz::buffer::core::tests::test_buffer_truncate ... ok
test fitz::buffer::reader::tests::test_buffer_reader ... ok
test fitz::archive::tests::test_read_entry_buffer ... ok
test fitz::buffer::reader::tests::test_buffer_reader_empty_buffer ... ok
test fitz::buffer::reader::tests::test_buffer_reader_integers ... ok
test fitz::buffer::reader::tests::test_buffer_reader_is_eof ... ok
test fitz::buffer::reader::tests::test_buffer_reader_peek_eof ... ok
test fitz::buffer::reader::tests::test_buffer_reader_peek ... ok
test fitz::buffer::reader::tests::test_buffer_reader_position ... ok
test fitz::buffer::reader::tests::test_buffer_reader_read_exact_insufficient ... ok
test fitz::buffer::reader::tests::test_buffer_reader_read_i16_be ... ok
test fitz::buffer::reader::tests::test_buffer_reader_read_i16_le ... ok
test fitz::buffer::reader::tests::test_buffer_reader_read_i32_be ... ok
test fitz::buffer::reader::tests::test_buffer_reader_read_i32_le ... ok
test fitz::buffer::reader::tests::test_buffer_reader_read_line ... ok
test fitz::buffer::reader::tests::test_buffer_reader_read_line_empty ... ok
test fitz::buffer::reader::tests::test_buffer_reader_read_trait ... ok
test fitz::buffer::reader::tests::test_buffer_reader_read_u16_be_insufficient ... ok
test fitz::buffer::reader::tests::test_buffer_reader_read_u16_le_insufficient ... ok
test fitz::buffer::reader::tests::test_buffer_reader_read_u24_be ... ok
test fitz::buffer::reader::tests::test_buffer_reader_read_u32_be_insufficient ... ok
test fitz::buffer::reader::tests::test_buffer_reader_read_u32_le_insufficient ... ok
test fitz::buffer::reader::tests::test_buffer_reader_remaining_slice ... ok
test fitz::buffer::reader::tests::test_buffer_reader_seek ... ok
test fitz::buffer::reader::tests::test_buffer_reader_seek_past_end ... ok
test fitz::buffer::reader::tests::test_buffer_reader_skip_past_end ... ok
test fitz::buffer::writer::tests::test_buffer_writer ... ok
test fitz::buffer::writer::tests::test_buffer_writer_as_slice ... ok
test fitz::buffer::writer::tests::test_buffer_writer_clear ... ok
test fitz::buffer::writer::tests::test_buffer_writer_default ... ok
test fitz::buffer::writer::tests::test_buffer_writer_empty ... ok
test fitz::buffer::writer::tests::test_buffer_writer_integers ... ok
test fitz::buffer::writer::tests::test_buffer_writer_into_bytes ... ok
test fitz::buffer::writer::tests::test_buffer_writer_large_write ... ok
test fitz::buffer::writer::tests::test_buffer_writer_multiple_writes ... ok
test fitz::buffer::writer::tests::test_buffer_writer_sequential_bytes ... ok
test fitz::buffer::writer::tests::test_buffer_writer_with_capacity ... ok
test fitz::buffer::writer::tests::test_buffer_writer_write_trait ... ok
test fitz::colorspace::tests::test_colorspace_clone ... ok
test fitz::colorspace::tests::test_colorspace_debug ... ok
test fitz::colorspace::tests::test_device_cmyk ... ok
test fitz::colorspace::tests::test_device_gray ... ok
test fitz::colorspace::tests::test_device_rgb ... ok
test fitz::cookie::tests::test_abort ... ok
test fitz::cookie::tests::test_clone ... ok
test fitz::cookie::tests::test_cookie_new ... ok
test fitz::cookie::tests::test_errors ... ok
test fitz::cookie::tests::test_incomplete ... ok
test fitz::cookie::tests::test_progress ... ok
test fitz::cookie::tests::test_progress_percent_zero_max ... ok
test fitz::cookie::tests::test_reset ... ok
test fitz::device::tests::test_bbox_device_empty ... ok
test fitz::device::tests::test_bbox_device_fill_image ... ok
test fitz::device::tests::test_bbox_device_fill_path ... ok
test fitz::device::tests::test_bbox_device_fill_text ... ok
test fitz::device::tests::test_bbox_device_multiple_operations ... ok
test fitz::device::tests::test_blend_mode_default ... ok
test fitz::device::tests::test_blend_mode_from_name ... ok
test fitz::device::tests::test_blend_mode_name ... ok
test fitz::device::tests::test_container_type ... ok
test fitz::device::tests::test_null_device_fill_image ... ok
test fitz::device::tests::test_null_device_fill_path ... ok
test fitz::device::tests::test_null_device_fill_text ... ok
test fitz::device::tests::test_null_device_stroke_path ... ok
test fitz::device::tests::test_trace_device ... ok
test fitz::device::tests::test_trace_device_indentation ... ok
test fitz::display_list::tests::test_display_list_clear ... ok
test fitz::display_list::tests::test_display_list_clip_operations ... ok
test fitz::display_list::tests::test_display_list_group_operations ... ok
test fitz::display_list::tests::test_display_list_mask_operations ... ok
test fitz::display_list::tests::test_display_list_new ... ok
test fitz::display_list::tests::test_display_list_run_on_bbox_device ... ok
test fitz::display_list::tests::test_display_list_run_on_null_device ... ok
test fitz::display_list::tests::test_display_list_run_with_transform ... ok
test fitz::display_list::tests::test_display_list_tile_operations ... ok
test fitz::display_list::tests::test_list_device_record_fill_image ... ok
test fitz::display_list::tests::test_list_device_record_fill_path ... ok
test fitz::display_list::tests::test_list_device_record_fill_text ... ok
test fitz::display_list::tests::test_list_device_record_multiple_operations ... ok
test fitz::error::tests::test_error_abort ... ok
test fitz::error::tests::test_error_argument ... ok
test fitz::error::tests::test_error_debug ... ok
test fitz::error::tests::test_error_encryption ... ok
test fitz::error::tests::test_error_eof ... ok
test fitz::error::tests::test_error_font ... ok
test fitz::error::tests::test_error_format ... ok
test fitz::error::tests::test_error_from_io_error ... ok
test fitz::error::tests::test_error_generic ... ok
test fitz::error::tests::test_error_image ... ok
test fitz::error::tests::test_error_limit ... ok
test fitz::error::tests::test_error_pdf ... ok
test fitz::error::tests::test_error_syntax ... ok
test fitz::error::tests::test_error_unsupported ... ok
test fitz::error::tests::test_result_type ... ok
test fitz::font::parsing_tests::test_get_table_not_found ... ok
test fitz::font::parsing_tests::test_parse_font_data_detection ... ok
test fitz::font::tests::test_charmap ... ok
test fitz::font::tests::test_create_standard_font ... ok
test fitz::font::tests::test_font_char_advance ... ok
test fitz::font::tests::test_font_data ... ok
test fitz::font::tests::test_font_encoding ... ok
test fitz::font::tests::test_font_flags ... ok
test fitz::font::tests::test_font_glyph_advance ... ok
test fitz::font::tests::test_font_is_bold ... ok
test fitz::font::tests::test_font_is_italic ... ok
test fitz::font::tests::test_font_is_monospace ... ok
test fitz::font::tests::test_font_measure_string ... ok
test fitz::font::tests::test_font_metrics_default ... ok
test fitz::font::tests::test_font_new ... ok
test fitz::font::tests::test_font_stretch ... ok
test fitz::font::tests::test_font_type_from_string ... ok
test fitz::font::tests::test_font_weight ... ok
test fitz::font::tests::test_font_with_type ... ok
test fitz::font::tests::test_glyph_metrics_default ... ok
test fitz::font::tests::test_standard_fonts ... ok
test fitz::geometry::tests::test_irect_from_rect ... ok
test fitz::geometry::tests::test_irect_is_empty ... ok
test fitz::geometry::tests::test_irect_new ... ok
test fitz::geometry::tests::test_irect_width_height ... ok
test fitz::geometry::tests::test_matrix_concat_identity ... ok
test fitz::geometry::tests::test_matrix_concat_scale_translate ... ok
test fitz::geometry::tests::test_matrix_default ... ok
test fitz::geometry::tests::test_matrix_identity ... ok
test fitz::geometry::tests::test_matrix_new ... ok
test fitz::geometry::tests::test_matrix_rotate ... ok
test fitz::geometry::tests::test_matrix_scale ... ok
test fitz::geometry::tests::test_matrix_translate ... ok
test fitz::geometry::tests::test_point_default ... ok
test fitz::geometry::tests::test_point_new ... ok
test fitz::geometry::tests::test_point_origin ... ok
test fitz::geometry::tests::test_point_transform_identity ... ok
test fitz::geometry::tests::test_point_transform_scale ... ok
test fitz::geometry::tests::test_point_transform_translate ... ok
test fitz::geometry::tests::test_quad_default ... ok
test fitz::geometry::tests::test_quad_from_rect ... ok
test fitz::geometry::tests::test_quad_transform ... ok
test fitz::geometry::tests::test_rect_constants ... ok
test fitz::geometry::tests::test_rect_contains ... ok
test fitz::geometry::tests::test_rect_include_point ... ok
test fitz::geometry::tests::test_rect_intersect ... ok
test fitz::geometry::tests::test_rect_is_empty ... ok
test fitz::geometry::tests::test_rect_is_infinite ... ok
test fitz::geometry::tests::test_rect_new ... ok
test fitz::geometry::tests::test_rect_union ... ok
test fitz::geometry::tests::test_rect_width_height ... ok
test fitz::hash::tests::test_hash_table_capacity ... ok
test fitz::hash::tests::test_hash_table_clear ... ok
test fitz::hash::tests::test_hash_table_clone ... ok
test fitz::hash::tests::test_hash_table_default ... ok
test fitz::hash::tests::test_hash_table_filter ... ok
test fitz::hash::tests::test_hash_table_find_mut ... ok
test fitz::hash::tests::test_hash_table_for_each ... ok
test fitz::hash::tests::test_hash_table_for_each_mut ... ok
test fitz::hash::tests::test_hash_table_insert_duplicate ... ok
test fitz::hash::tests::test_hash_table_insert_find ... ok
test fitz::hash::tests::test_hash_table_key_too_large - should panic ... ok
test fitz::hash::tests::test_hash_table_keys_values ... ok
test fitz::hash::tests::test_hash_table_new ... ok
test fitz::hash::tests::test_hash_table_remove ... ok
test fitz::hash::tests::test_hash_table_with_strings ... ok
test fitz::hash::tests::test_hash_table_wrong_key_length - should panic ... ok
test fitz::image::tests::test_image_colorspace ... ok
test fitz::image::tests::test_image_compressed_flag ... ok
test fitz::image::tests::test_image_data ... ok
test fitz::image::tests::test_image_format_types ... ok
test fitz::image::tests::test_image_from_compressed ... ok
test fitz::image::tests::test_image_from_mask ... ok
test fitz::image::tests::test_image_from_raw ... ok
test fitz::image::tests::test_image_from_raw_insufficient_data ... ok
test fitz::image::tests::test_image_from_raw_invalid_dimensions ... ok
test fitz::image::tests::test_image_interpolation ... ok
test fitz::image::tests::test_image_new ... ok
test fitz::image::tests::test_image_resolution ... ok
test fitz::image::tests::test_image_set_mask ... ok
test fitz::image::tests::test_image_size ... ok
test fitz::image::tests::test_interpolation_default ... ok
test fitz::image::tests::test_mask_types ... ok
test fitz::link::tests::test_link_dest_none ... ok
test fitz::link::tests::test_link_dest_type ... ok
test fitz::link::tests::test_link_dest_xyz ... ok
test fitz::link::tests::test_link_is_external ... ok
test fitz::link::tests::test_link_is_page_link ... ok
test fitz::link::tests::test_link_list_into_iter ... ok
test fitz::link::tests::test_link_list_link_at_point ... ok
test fitz::link::tests::test_link_list_new ... ok
test fitz::link::tests::test_link_list_push ... ok
test fitz::link::tests::test_link_new ... ok
test fitz::link::tests::test_link_page_number ... ok
test fitz::link::tests::test_link_scheme ... ok
test fitz::link::tests::test_location ... ok
test fitz::output::tests::test_memory_output ... ok
test fitz::output::tests::test_memory_output_seek ... ok
test fitz::output::tests::test_output_from_buffer ... ok
test fitz::output::tests::test_output_reset ... ok
test fitz::output::tests::test_output_truncate ... ok
test fitz::output::tests::test_output_write_floats ... ok
test fitz::output::tests::test_output_write_integers ... ok
test fitz::page::tests::test_graphics_state_default ... ok
test fitz::page::tests::test_resources_new ... ok
test fitz::path::tests::test_line_cap_values ... ok
test fitz::path::tests::test_line_join_values ... ok
test fitz::path::tests::test_path_bounds_empty ... ok
test fitz::output::tests::test_file_output ... ok
test fitz::path::tests::test_path_bounds_simple ... ok
test fitz::path::tests::test_path_bounds_with_close ... ok
test fitz::path::tests::test_path_bounds_with_curve ... ok
test fitz::path::tests::test_path_bounds_with_rect ... ok
test fitz::path::tests::test_path_clear ... ok
test fitz::path::tests::test_path_clone ... ok
test fitz::path::tests::test_path_close ... ok
test fitz::path::tests::test_path_curve_to ... ok
test fitz::path::tests::test_path_default ... ok
test fitz::path::tests::test_path_element_equality ... ok
test fitz::path::tests::test_path_elements_access ... ok
test fitz::path::tests::test_path_is_rect_only ... ok
test fitz::path::tests::test_path_line_to ... ok
test fitz::path::tests::test_path_move_to ... ok
test fitz::path::tests::test_path_new ... ok
test fitz::path::tests::test_path_quad_to ... ok
test fitz::path::tests::test_path_rect ... ok
test fitz::path::tests::test_path_rect_coords ... ok
test fitz::path::tests::test_path_rectangle ... ok
test fitz::path::tests::test_path_transform ... ok
test fitz::path::tests::test_path_walk ... ok
test fitz::path::tests::test_path_with_capacity ... ok
test fitz::path::tests::test_stroke_state_dashed ... ok
test fitz::path::tests::test_stroke_state_default ... ok
test fitz::path::tests::test_stroke_state_new ... ok
test fitz::pixmap::tests::test_pixmap_clear ... ok
test fitz::pixmap::tests::test_pixmap_clone ... ok
test fitz::pixmap::tests::test_pixmap_colorspace ... ok
test fitz::pixmap::tests::test_pixmap_get_pixel ... ok
test fitz::pixmap::tests::test_pixmap_get_pixel_out_of_bounds ... ok
test fitz::pixmap::tests::test_pixmap_new_alpha_only ... ok
test fitz::pixmap::tests::test_pixmap_new_cmyk ... ok
test fitz::pixmap::tests::test_pixmap_new_gray ... ok
test fitz::pixmap::tests::test_pixmap_new_invalid_dimensions ... ok
test fitz::pixmap::tests::test_pixmap_new_no_colorspace_no_alpha ... ok
test fitz::pixmap::tests::test_pixmap_new_rgb ... ok
test fitz::pixmap::tests::test_pixmap_new_rgb_with_alpha ... ok
test fitz::pixmap::tests::test_pixmap_samples ... ok
test fitz::pixmap::tests::test_pixmap_samples_mut ... ok
test fitz::render::tests::test_edge_creation ... ok
test fitz::render::tests::test_edge_step ... ok
test fitz::render::tests::test_horizontal_edge ... ok
test fitz::render::tests::test_rasterizer_creation ... ok
test fitz::stext::tests::test_quad_to_rect ... ok
test fitz::stext::tests::test_stext_block_creation ... ok
test fitz::stext::tests::test_stext_builder_add_char ... ok
test fitz::stext::tests::test_stext_char_creation ... ok
test fitz::stext::tests::test_stext_line_add_char ... ok
test fitz::stext::tests::test_stext_line_creation ... ok
test fitz::stext::tests::test_stext_line_get_words ... ok
test fitz::stext::tests::test_stext_page_creation ... ok
test fitz::stext::tests::test_to_unicode_cmap_parse ... ok
test fitz::stext::tests::test_writing_mode ... ok
test fitz::stream::tests::test_memory_source_len ... ok
test fitz::stream::tests::test_memory_source_read ... ok
test fitz::stream::tests::test_memory_source_seek ... ok
test fitz::stream::tests::test_memory_source_seek_before_start ... ok
test fitz::stream::tests::test_memory_source_tell ... ok
test fitz::stream::tests::test_stream_debug ... ok
test fitz::stream::tests::test_stream_filename ... ok
test fitz::stream::tests::test_stream_is_empty ... ok
test fitz::stream::tests::test_stream_is_eof ... ok
test fitz::stream::tests::test_stream_large_read ... ok
test fitz::stream::tests::test_stream_len ... ok
test fitz::stream::tests::test_stream_open_buffer ... ok
test fitz::stream::tests::test_stream_open_bytes ... ok
test fitz::stream::tests::test_stream_open_memory ... ok
test fitz::stream::tests::test_stream_open_memory_empty ... ok
test fitz::stream::tests::test_stream_peek_after_read ... ok
test fitz::stream::tests::test_stream_peek_byte ... ok
test fitz::stream::tests::test_stream_read ... ok
test fitz::stream::tests::test_stream_read_all ... ok
test fitz::stream::tests::test_stream_read_all_no_hint ... ok
test fitz::stream::tests::test_stream_read_all_with_hint ... ok
test fitz::stream::tests::test_stream_read_at_eof ... ok
test fitz::stream::tests::test_stream_read_bits ... ok
test fitz::stream::tests::test_stream_read_bits_cross_byte ... ok
test fitz::stream::tests::test_stream_read_byte ... ok
test fitz::stream::tests::test_stream_read_exact ... ok
test fitz::stream::tests::test_stream_read_exact_eof ... ok
test fitz::stream::tests::test_stream_read_int16_le ... ok
test fitz::stream::tests::test_stream_read_int32_le ... ok
test fitz::stream::tests::test_stream_read_line ... ok
test fitz::stream::tests::test_stream_read_line_crlf ... ok
test fitz::stream::tests::test_stream_read_line_no_newline ... ok
test fitz::stream::tests::test_stream_read_uint16 ... ok
test fitz::stream::tests::test_stream_read_uint16_le ... ok
test fitz::stream::tests::test_stream_read_uint24 ... ok
test fitz::stream::tests::test_stream_read_uint32 ... ok
test fitz::stream::tests::test_stream_read_uint32_le ... ok
test fitz::stream::tests::test_stream_seek_end ... ok
test fitz::stream::tests::test_stream_seek_start ... ok
test fitz::stream::tests::test_stream_sequential_reads ... ok
test fitz::stream::tests::test_stream_skip ... ok
test fitz::stream::tests::test_stream_skip_past_eof ... ok
test fitz::stream::tests::test_stream_sync_bits ... ok
test fitz::stream::tests::test_stream_tell ... ok
test fitz::text::tests::test_bidi_direction ... ok
test fitz::text::tests::test_text_clear ... ok
test fitz::text::tests::test_text_item_new ... ok
test fitz::text::tests::test_text_item_with_advance ... ok
test fitz::text::tests::test_text_language_from_string ... ok
test fitz::text::tests::test_text_language_to_string ... ok
test fitz::text::tests::test_text_measure_string ... ok
test fitz::text::tests::test_text_new ... ok
test fitz::text::tests::test_text_show_glyph ... ok
test fitz::text::tests::test_text_show_string ... ok
test fitz::text::tests::test_text_span_add_glyph ... ok
test fitz::text::tests::test_text_span_coalescing ... ok
test fitz::text::tests::test_text_span_new ... ok
test fitz::text::tests::test_text_span_to_string ... ok
test fitz::text::tests::test_text_to_string ... ok
test pdf::annot::tests::test_annot_flags ... ok
test pdf::annot::tests::test_annot_type_from_string ... ok
test pdf::annot::tests::test_annot_type_to_string ... ok
test pdf::annot::tests::test_annotation_custom_properties ... ok
test pdf::annot::tests::test_annotation_flags_operations ... ok
test pdf::annot::tests::test_annotation_intersects ... ok
test pdf::annot::tests::test_annotation_new ... ok
test pdf::annot::tests::test_annotation_popup ... ok
test pdf::annot::tests::test_annotation_transform ... ok
test pdf::annot::tests::test_annotation_properties ... ok
test pdf::annot::tests::test_border_style_default ... ok
test pdf::annot::tests::test_highlight_annotation ... ok
test pdf::annot::tests::test_intent_from_string ... ok
test pdf::annot::tests::test_line_ending_from_string ... ok
test pdf::annot::tests::test_quadding ... ok
test pdf::annot::tests::test_text_annotation ... ok
test pdf::crypt::tests::test_crypt_new ... ok
test pdf::crypt::tests::test_crypt_new_encrypt ... ok
test pdf::crypt::tests::test_encryption_algorithm_key_length ... ok
test pdf::crypt::tests::test_encryption_algorithm_types ... ok
test pdf::crypt::tests::test_method_names ... ok
test pdf::crypt::tests::test_no_encryption ... ok
test pdf::crypt::tests::test_permission_flags ... ok
test pdf::crypt::tests::test_permissions ... ok
test pdf::document::tests::test_document_open ... FAILED
test pdf::crypt::tests::test_rc4_encrypt_decrypt ... ok
test pdf::document::tests::test_get_page ... FAILED
test pdf::document::tests::test_invalid_pdf ... ok
test pdf::document::tests::test_page_count ... FAILED
test pdf::filter::ascii85::tests::test_ascii85_empty ... ok
test pdf::filter::ascii85::tests::test_ascii85_encode_decode ... ok
test pdf::filter::ascii85::tests::test_ascii85_zeros ... ok
test pdf::filter::asciihex::tests::test_asciihex_empty ... ok
test pdf::filter::asciihex::tests::test_asciihex_encode_decode ... ok
test pdf::filter::asciihex::tests::test_asciihex_odd_digits ... ok
test pdf::filter::chain::tests::test_filter_chain_asciihex ... ok
test pdf::filter::chain::tests::test_filter_chain_clone ... ok
test pdf::filter::chain::tests::test_filter_chain_crypt ... ok
test pdf::filter::chain::tests::test_filter_chain_default ... ok
test pdf::filter::chain::tests::test_filter_chain_encode_ccitt_unsupported ... ok
test pdf::filter::chain::tests::test_filter_chain_encode_dct_unsupported ... ok
test pdf::filter::chain::tests::test_filter_chain_encode ... ok
test pdf::filter::chain::tests::test_filter_chain_encode_jbig2_unsupported ... ok
test pdf::filter::chain::tests::test_filter_chain_encode_jpx_unsupported ... ok
test pdf::filter::chain::tests::test_filter_chain_encode_multiple ... ok
test pdf::filter::chain::tests::test_filter_chain_lzw ... ok
test pdf::filter::chain::tests::test_filter_chain_flate ... ok
test pdf::filter::chain::tests::test_filter_chain_runlength ... ok
test pdf::filter::chain::tests::test_filter_chain_multiple ... ok
test pdf::filter::dct::tests::test_decode_dct_invalid_data ... ok
test pdf::filter::dct::tests::test_decode_dct_with_params ... ok
test pdf::filter::dct::tests::test_encode_dct_different_quality ... ok
test pdf::filter::dct::tests::test_encode_dct_empty_data ... ok
test pdf::filter::dct::tests::test_encode_dct_invalid_dimensions ... ok
test pdf::filter::dct::tests::test_encode_decode_dct ... ok
test pdf::filter::jbig2::tests::test_jbig2_disabled ... ok
test pdf::filter::jpx::tests::test_jpx_disabled ... ok
test pdf::filter::flate::tests::test_flate_empty_data ... ok
test pdf::filter::lzw::tests::test_lzw_empty_data ... ok
test pdf::filter::flate::tests::test_flate_encode_decode ... ok
test pdf::filter::lzw::tests::test_lzw_encode_decode ... ok
test pdf::filter::params::tests::test_ccitt_fax_decode_params_default ... ok
test pdf::filter::params::tests::test_dct_decode_params_default ... ok
test pdf::filter::flate::tests::test_flate_compression_levels ... ok
test pdf::filter::params::tests::test_flate_decode_params_default ... ok
test pdf::filter::params::tests::test_jbig2_decode_params_default ... ok
test pdf::filter::predictor::tests::test_apply_png_predictor_decode ... ok
test pdf::filter::predictor::tests::test_apply_png_predictor_decode_empty_row ... ok
test pdf::filter::predictor::tests::test_apply_png_predictor_decode_incomplete_row ... ok
test pdf::filter::predictor::tests::test_apply_png_predictor_decode_multiple_rows ... ok
test pdf::filter::predictor::tests::test_apply_png_predictor_decode_sub_filter ... ok
test pdf::filter::predictor::tests::test_apply_predictor_decode_no_predictor ... ok
test pdf::filter::predictor::tests::test_apply_predictor_decode_png_range ... ok
test pdf::filter::predictor::tests::test_apply_predictor_decode_tiff ... ok
test pdf::filter::predictor::tests::test_apply_predictor_decode_unsupported ... ok
test pdf::filter::predictor::tests::test_apply_tiff_predictor_decode ... ok
test pdf::filter::predictor::tests::test_apply_tiff_predictor_decode_multi_pixel ... ok
test pdf::filter::predictor::tests::test_decode_png_filter_average ... ok
test pdf::filter::predictor::tests::test_decode_png_filter_none ... ok
test pdf::filter::predictor::tests::test_decode_png_filter_paeth ... ok
test pdf::filter::predictor::tests::test_decode_png_filter_sub ... ok
test pdf::filter::predictor::tests::test_decode_png_filter_unknown ... ok
test pdf::filter::predictor::tests::test_decode_png_filter_up ... ok
test pdf::filter::predictor::tests::test_paeth_predictor ... ok
test pdf::filter::runlength::tests::test_runlength_all_same ... ok
test pdf::filter::runlength::tests::test_runlength_encode_decode ... ok
test pdf::filter::runlength::tests::test_runlength_no_runs ... ok
test pdf::filter::tests::test_filter_type_from_name ... ok
test pdf::filter::tests::test_filter_type_to_name ... ok
test pdf::form::tests::test_checkbox ... ok
test pdf::form::tests::test_choice_option ... ok
test pdf::form::tests::test_combo_box ... ok
test pdf::form::tests::test_field_flags ... ok
test pdf::form::tests::test_field_properties ... ok
test pdf::form::tests::test_field_value_validation ... ok
test pdf::form::tests::test_form_add_field ... ok
test pdf::form::tests::test_form_fields_by_type ... ok
test pdf::form::tests::test_form_remove_field ... ok
test pdf::form::tests::test_form_reset ... ok
test pdf::form::tests::test_form_set_get_value ... ok
test pdf::form::tests::test_form_validate ... ok
test pdf::form::tests::test_multiselect ... ok
test pdf::form::tests::test_text_field ... ok
test pdf::form::tests::test_text_field_max_length ... ok
test pdf::form::tests::test_widget_type_from_string ... ok
test pdf::interpret::tests::test_get_f32 ... ok
test pdf::interpret::tests::test_interpreter_creation ... ok
test pdf::interpret::tests::test_matrix_concat ... ok
test pdf::interpret::tests::test_state_stack ... ok
test pdf::lexer::tests::test_lex_arrays ... ok
test pdf::lexer::tests::test_lex_comments ... ok
test pdf::lexer::tests::test_lex_dicts ... ok
test pdf::lexer::tests::test_lex_eof ... ok
test pdf::lexer::tests::test_lex_integers ... ok
test pdf::lexer::tests::test_lex_keywords ... ok
test pdf::lexer::tests::test_lex_names ... ok
test pdf::lexer::tests::test_lex_reals ... ok
test pdf::lexer::tests::test_lex_string_escapes ... ok
test pdf::lexer::tests::test_lex_strings ... ok
test pdf::lexer::tests::test_lexbuf_clear ... ok
test pdf::object::tests::test_complex_nested_structure ... ok
test pdf::object::tests::test_name_clone ... ok
test pdf::object::tests::test_name_display ... ok
test pdf::object::tests::test_name_eq ... ok
test pdf::object::tests::test_name_from_string ... ok
test pdf::object::tests::test_name_from_trait ... ok
test pdf::object::tests::test_name_hash ... ok
test pdf::object::tests::test_name_interning ... ok
test pdf::object::tests::test_name_new ... ok
test pdf::object::tests::test_name_non_interned ... ok
test pdf::object::tests::test_obj_ref_eq ... ok
test pdf::object::tests::test_obj_ref_hash ... ok
test pdf::object::tests::test_obj_ref_new ... ok
test pdf::object::tests::test_object_array ... ok
test pdf::object::tests::test_object_bool ... ok
test pdf::object::tests::test_object_clone ... ok
test pdf::object::tests::test_object_debug ... ok
test pdf::object::tests::test_object_default ... ok
test pdf::object::tests::test_object_dict ... ok
test pdf::object::tests::test_object_int ... ok
test pdf::object::tests::test_object_name ... ok
test pdf::object::tests::test_object_null ... ok
test pdf::object::tests::test_object_real ... ok
test pdf::object::tests::test_object_ref ... ok
test pdf::object::tests::test_object_stream ... ok
test pdf::object::tests::test_object_string ... ok
test pdf::object::tests::test_pdf_string_as_str ... ok
test pdf::object::tests::test_pdf_string_as_str_invalid_utf8 ... ok
test pdf::object::tests::test_pdf_string_clone ... ok
test pdf::object::tests::test_pdf_string_new ... ok
test pdf::parser::tests::test_hex_string_to_bytes ... ok
test pdf::parser::tests::test_parse_array ... FAILED
test pdf::parser::tests::test_parse_bool ... FAILED
test pdf::parser::tests::test_parse_dict ... FAILED
test pdf::parser::tests::test_parse_header ... ok
test pdf::parser::tests::test_parse_int ... FAILED
test pdf::parser::tests::test_parse_name ... FAILED
test pdf::parser::tests::test_parse_null ... FAILED
test pdf::parser::tests::test_parse_real ... FAILED
test pdf::parser::tests::test_parse_reference ... FAILED
test pdf::parser::tests::test_parse_string ... FAILED
test pdf::xref::tests::test_xref_entry_compressed ... ok
test pdf::xref::tests::test_xref_entry_free ... ok
test pdf::xref::tests::test_xref_entry_in_use ... ok
test pdf::xref::tests::test_xref_subsection_add_get ... ok
test pdf::xref::tests::test_xref_subsection_new ... ok
test pdf::xref::tests::test_xref_subsection_range ... ok
test pdf::xref::tests::test_xref_table_add_entry ... ok
test pdf::xref::tests::test_xref_table_add_subsection ... ok
test pdf::xref::tests::test_xref_table_allocate ... ok
test pdf::xref::tests::test_xref_table_counts ... ok
test pdf::xref::tests::test_xref_table_delete ... ok
test pdf::xref::tests::test_xref_table_get ... ok
test pdf::xref::tests::test_xref_table_marking ... ok
test pdf::xref::tests::test_xref_table_new ... ok
test pdf::xref::tests::test_xref_table_object_numbers ... ok
test pdf::xref::tests::test_xref_table_update ... ok
test qpdf::buffer::tests::test_buffer_basic ... ok
test qpdf::buffer::tests::test_buffer_from_string ... ok
test qpdf::buffer::tests::test_buffer_input_source ... ok
test qpdf::json::tests::test_json_object_types ... ok
test qpdf::linearization::tests::test_check_linearization_not_linearized ... ok
test qpdf::json::tests::test_json_pdf_roundtrip ... ok
test qpdf::linearization::tests::test_is_linearized_false ... ok
test qpdf::linearization::tests::test_is_linearized_true ... ok
test qpdf::object_copy::tests::test_copy_context ... ok
test qpdf::object_copy::tests::test_extract_references ... ok
test qpdf::object_copy::tests::test_objgen ... ok
test qpdf::object_copy::tests::test_rewrite_references ... ok
test qpdf::pipeline::tests::test_pl_ascii_hex_decoder ... ok
test qpdf::pipeline::tests::test_pl_buffer ... ok
test qpdf::pipeline::tests::test_pl_count ... ok
test qpdf::pipeline::tests::test_pl_discard ... ok
test qpdf::pipeline::tests::test_pl_runlength_decoder ... ok
test qpdf::repair::tests::test_quick_validate_no_eof ... ok
test qpdf::repair::tests::test_quick_validate_no_header ... ok
test qpdf::repair::tests::test_quick_validate_valid ... ok
test qpdf::tokenizer::tests::test_tokenize_array ... ok
test qpdf::tokenizer::tests::test_tokenize_boolean_null ... ok
test qpdf::tokenizer::tests::test_tokenize_dict ... ok
test qpdf::tokenizer::tests::test_tokenize_hex_string ... ok
test qpdf::tokenizer::tests::test_tokenize_name_with_escape ... ok
test qpdf::tokenizer::tests::test_tokenize_real ... ok
test qpdf::tokenizer::tests::test_tokenize_simple ... ok
test qpdf::tokenizer::tests::test_tokenize_string ... ok
test qpdf::xref_stream::tests::test_build_index ... ok
test qpdf::xref_stream::tests::test_decoder_encoder_roundtrip ... ok
test qpdf::xref_stream::tests::test_xref_entry_types ... ok

failures:

---- enhanced::page_merge::tests::test_merge_single stdout ----

thread 'enhanced::page_merge::tests::test_merge_single' (288204) panicked at src\enhanced\page_merge.rs:692:9:
assertion failed: result.is_ok()
note: run with `RUST_BACKTRACE=1` environment variable to display a backtrace

---- enhanced::page_ops::tests::test_merge_pdf_simple stdout ----
Error: Io(Os { code: 3, kind: NotFound, message: "The system cannot find the path specified." })

---- ffi::convenience::tests::test_mp_copy_pages_invalid_page_number stdout ----

thread 'ffi::convenience::tests::test_mp_copy_pages_invalid_page_number' (290084) panicked at src\ffi\convenience.rs:1053:48:
called `Result::unwrap()` on an `Err` value: Os { code: 3, kind: NotFound, message: "The system cannot find the path specified." }

---- ffi::convenience::tests::test_mp_copy_pages_out_of_range_page stdout ----

thread 'ffi::convenience::tests::test_mp_copy_pages_out_of_range_page' (293684) panicked at src\ffi\convenience.rs:1053:48:
called `Result::unwrap()` on an `Err` value: Os { code: 3, kind: NotFound, message: "The system cannot find the path specified." }

---- ffi::convenience::tests::test_mp_copy_pages_valid_all_pages stdout ----

thread 'ffi::convenience::tests::test_mp_copy_pages_valid_all_pages' (293680) panicked at src\ffi\convenience.rs:1053:48:
called `Result::unwrap()` on an `Err` value: Os { code: 3, kind: NotFound, message: "The system cannot find the path specified." }

---- ffi::convenience::tests::test_mp_extract_page_text_invalid_page stdout ----

thread 'ffi::convenience::tests::test_mp_extract_page_text_invalid_page' (293624) panicked at src\ffi\convenience.rs:1053:48:
called `Result::unwrap()` on an `Err` value: Os { code: 3, kind: NotFound, message: "The system cannot find the path specified." }

---- ffi::convenience::tests::test_mp_extract_page_text_valid stdout ----

thread 'ffi::convenience::tests::test_mp_extract_page_text_valid' (293712) panicked at src\ffi\convenience.rs:1053:48:
called `Result::unwrap()` on an `Err` value: Os { code: 3, kind: NotFound, message: "The system cannot find the path specified." }

---- ffi::convenience::tests::test_mp_extract_text_valid stdout ----

thread 'ffi::convenience::tests::test_mp_extract_text_valid' (293664) panicked at src\ffi\convenience.rs:1053:48:
called `Result::unwrap()` on an `Err` value: Os { code: 3, kind: NotFound, message: "The system cannot find the path specified." }

---- ffi::convenience::tests::test_mp_get_page_count_multipage stdout ----

thread 'ffi::convenience::tests::test_mp_get_page_count_multipage' (293752) panicked at src\ffi\convenience.rs:1086:48:
called `Result::unwrap()` on an `Err` value: Os { code: 3, kind: NotFound, message: "The system cannot find the path specified." }

---- ffi::convenience::tests::test_mp_get_page_count_valid stdout ----

thread 'ffi::convenience::tests::test_mp_get_page_count_valid' (293784) panicked at src\ffi\convenience.rs:1053:48:
called `Result::unwrap()` on an `Err` value: Os { code: 3, kind: NotFound, message: "The system cannot find the path specified." }

---- ffi::convenience::tests::test_mp_get_page_dimensions_invalid_page stdout ----

thread 'ffi::convenience::tests::test_mp_get_page_dimensions_invalid_page' (293772) panicked at src\ffi\convenience.rs:1053:48:
called `Result::unwrap()` on an `Err` value: Os { code: 3, kind: NotFound, message: "The system cannot find the path specified." }

---- ffi::convenience::tests::test_mp_get_page_dimensions_valid stdout ----

thread 'ffi::convenience::tests::test_mp_get_page_dimensions_valid' (293844) panicked at src\ffi\convenience.rs:1053:48:
called `Result::unwrap()` on an `Err` value: Os { code: 3, kind: NotFound, message: "The system cannot find the path specified." }

---- ffi::convenience::tests::test_mp_get_pdf_info_valid stdout ----

thread 'ffi::convenience::tests::test_mp_get_pdf_info_valid' (293872) panicked at src\ffi\convenience.rs:1053:48:
called `Result::unwrap()` on an `Err` value: Os { code: 3, kind: NotFound, message: "The system cannot find the path specified." }

---- ffi::convenience::tests::test_mp_is_valid_pdf_invalid_content stdout ----

thread 'ffi::convenience::tests::test_mp_is_valid_pdf_invalid_content' (293868) panicked at src\ffi\convenience.rs:2055:52:
called `Result::unwrap()` on an `Err` value: Os { code: 3, kind: NotFound, message: "The system cannot find the path specified." }

---- ffi::convenience::tests::test_mp_is_valid_pdf_valid stdout ----

thread 'ffi::convenience::tests::test_mp_is_valid_pdf_valid' (292244) panicked at src\ffi\convenience.rs:1053:48:
called `Result::unwrap()` on an `Err` value: Os { code: 3, kind: NotFound, message: "The system cannot find the path specified." }

---- ffi::convenience::tests::test_mp_merge_pdf_files_valid stdout ----

thread 'ffi::convenience::tests::test_mp_merge_pdf_files_valid' (292932) panicked at src\ffi\convenience.rs:1053:48:
called `Result::unwrap()` on an `Err` value: Os { code: 3, kind: NotFound, message: "The system cannot find the path specified." }

---- ffi::convenience::tests::test_mp_render_page_to_png_invalid_page stdout ----

thread 'ffi::convenience::tests::test_mp_render_page_to_png_invalid_page' (293696) panicked at src\ffi\convenience.rs:1053:48:
called `Result::unwrap()` on an `Err` value: Os { code: 3, kind: NotFound, message: "The system cannot find the path specified." }

---- ffi::convenience::tests::test_mp_render_page_to_png_valid stdout ----

thread 'ffi::convenience::tests::test_mp_render_page_to_png_valid' (290012) panicked at src\ffi\convenience.rs:1053:48:
called `Result::unwrap()` on an `Err` value: Os { code: 3, kind: NotFound, message: "The system cannot find the path specified." }

---- ffi::convenience::tests::test_mp_render_page_to_rgb_invalid_page stdout ----

thread 'ffi::convenience::tests::test_mp_render_page_to_rgb_invalid_page' (292944) panicked at src\ffi\convenience.rs:1053:48:
called `Result::unwrap()` on an `Err` value: Os { code: 3, kind: NotFound, message: "The system cannot find the path specified." }

---- ffi::convenience::tests::test_mp_render_page_to_rgb_valid stdout ----

thread 'ffi::convenience::tests::test_mp_render_page_to_rgb_valid' (292968) panicked at src\ffi\convenience.rs:1053:48:
called `Result::unwrap()` on an `Err` value: Os { code: 3, kind: NotFound, message: "The system cannot find the path specified." }

---- ffi::convenience::tests::test_mp_repair_damaged_pdf_valid stdout ----

thread 'ffi::convenience::tests::test_mp_repair_damaged_pdf_valid' (292964) panicked at src\ffi\convenience.rs:1053:48:
called `Result::unwrap()` on an `Err` value: Os { code: 3, kind: NotFound, message: "The system cannot find the path specified." }

---- ffi::convenience::tests::test_mp_split_pdf_to_pages_valid stdout ----

thread 'ffi::convenience::tests::test_mp_split_pdf_to_pages_valid' (282956) panicked at src\ffi\convenience.rs:1086:48:
called `Result::unwrap()` on an `Err` value: Os { code: 3, kind: NotFound, message: "The system cannot find the path specified." }

---- ffi::enhanced::html_to_pdf::tests::test_html_to_pdf_basic stdout ----

thread 'ffi::enhanced::html_to_pdf::tests::test_html_to_pdf_basic' (290212) panicked at src\ffi\enhanced\html_to_pdf.rs:523:9:
assertion `left == right` failed
  left: -2
 right: 0

---- pdf::document::tests::test_document_open stdout ----

thread 'pdf::document::tests::test_document_open' (266588) panicked at src\pdf\document.rs:1060:9:
assertion failed: doc.is_ok()

---- pdf::document::tests::test_get_page stdout ----

thread 'pdf::document::tests::test_get_page' (290644) panicked at src\pdf\document.rs:1079:46:
called `Result::unwrap()` on an `Err` value: Generic("Expected 'obj' keyword")

---- pdf::document::tests::test_page_count stdout ----

thread 'pdf::document::tests::test_page_count' (271908) panicked at src\pdf\document.rs:1069:46:
called `Result::unwrap()` on an `Err` value: Generic("Expected 'obj' keyword")

---- pdf::parser::tests::test_parse_array stdout ----

thread 'pdf::parser::tests::test_parse_array' (289000) panicked at src\pdf\parser.rs:610:13:
Expected array

---- pdf::parser::tests::test_parse_bool stdout ----

thread 'pdf::parser::tests::test_parse_bool' (293768) panicked at src\pdf\parser.rs:544:41:
called `Result::unwrap()` on an `Err` value: Generic("Unexpected EOF")

---- pdf::parser::tests::test_parse_dict stdout ----

thread 'pdf::parser::tests::test_parse_dict' (293788) panicked at src\pdf\parser.rs:623:13:
Expected dictionary

---- pdf::parser::tests::test_parse_int stdout ----

thread 'pdf::parser::tests::test_parse_int' (293776) panicked at src\pdf\parser.rs:557:41:
called `Result::unwrap()` on an `Err` value: Generic("Unexpected EOF")

---- pdf::parser::tests::test_parse_name stdout ----

thread 'pdf::parser::tests::test_parse_name' (293752) panicked at src\pdf\parser.rs:591:41:
called `Result::unwrap()` on an `Err` value: Generic("Unexpected EOF")

---- pdf::parser::tests::test_parse_null stdout ----

thread 'pdf::parser::tests::test_parse_null' (293784) panicked at src\pdf\parser.rs:536:41:
called `Result::unwrap()` on an `Err` value: Generic("Unexpected EOF")

---- pdf::parser::tests::test_parse_real stdout ----

thread 'pdf::parser::tests::test_parse_real' (293772) panicked at src\pdf\parser.rs:570:41:
called `Result::unwrap()` on an `Err` value: Generic("Unexpected EOF")

---- pdf::parser::tests::test_parse_reference stdout ----

thread 'pdf::parser::tests::test_parse_reference' (292196) panicked at src\pdf\parser.rs:637:13:
Expected reference

---- pdf::parser::tests::test_parse_string stdout ----

thread 'pdf::parser::tests::test_parse_string' (291456) panicked at src\pdf\parser.rs:578:41:
called `Result::unwrap()` on an `Err` value: Generic("Unexpected EOF")


failures:
    enhanced::page_merge::tests::test_merge_single
    enhanced::page_ops::tests::test_merge_pdf_simple
    ffi::convenience::tests::test_mp_copy_pages_invalid_page_number
    ffi::convenience::tests::test_mp_copy_pages_out_of_range_page
    ffi::convenience::tests::test_mp_copy_pages_valid_all_pages
    ffi::convenience::tests::test_mp_extract_page_text_invalid_page
    ffi::convenience::tests::test_mp_extract_page_text_valid
    ffi::convenience::tests::test_mp_extract_text_valid
    ffi::convenience::tests::test_mp_get_page_count_multipage
    ffi::convenience::tests::test_mp_get_page_count_valid
    ffi::convenience::tests::test_mp_get_page_dimensions_invalid_page
    ffi::convenience::tests::test_mp_get_page_dimensions_valid
    ffi::convenience::tests::test_mp_get_pdf_info_valid
    ffi::convenience::tests::test_mp_is_valid_pdf_invalid_content
    ffi::convenience::tests::test_mp_is_valid_pdf_valid
    ffi::convenience::tests::test_mp_merge_pdf_files_valid
    ffi::convenience::tests::test_mp_render_page_to_png_invalid_page
    ffi::convenience::tests::test_mp_render_page_to_png_valid
    ffi::convenience::tests::test_mp_render_page_to_rgb_invalid_page
    ffi::convenience::tests::test_mp_render_page_to_rgb_valid
    ffi::convenience::tests::test_mp_repair_damaged_pdf_valid
    ffi::convenience::tests::test_mp_split_pdf_to_pages_valid
    ffi::enhanced::html_to_pdf::tests::test_html_to_pdf_basic
    pdf::document::tests::test_document_open
    pdf::document::tests::test_get_page
    pdf::document::tests::test_page_count
    pdf::parser::tests::test_parse_array
    pdf::parser::tests::test_parse_bool
    pdf::parser::tests::test_parse_dict
    pdf::parser::tests::test_parse_int
    pdf::parser::tests::test_parse_name
    pdf::parser::tests::test_parse_null
    pdf::parser::tests::test_parse_real
    pdf::parser::tests::test_parse_reference
    pdf::parser::tests::test_parse_string

test result: FAILED. 2240 passed; 35 failed; 0 ignored; 0 measured; 0 filtered out; finished in 0.81s

error: test failed, to rerun pass `--lib`
